<?xml version="1.0" encoding="UTF-8"?>
<testsuite name="co.com.retosiigo.certificacion.runners.CrearCliente" tests="0" skipped="0" failures="0" errors="0" timestamp="1970-01-01T00:00:00" hostname="DESKTOP-K4UJ5QC" time="0.0">
  <properties/>
  <system-out><![CDATA[2025-01-19 19:51:27 [pool-2-thread-1] DEBUG:: Couldn't find template in cache for "freemarker/screenshots.ftl"("en_GB", windows-1252, parsed); will try to load it.
2025-01-19 19:51:27 [pool-2-thread-1] DEBUG:: TemplateLoader.findTemplateSource("freemarker/screenshots_en_GB.ftl"): Not found
2025-01-19 19:51:27 [pool-2-thread-1] DEBUG:: TemplateLoader.findTemplateSource("freemarker/screenshots_en.ftl"): Not found
2025-01-19 19:51:27 [pool-2-thread-1] DEBUG:: TemplateLoader.findTemplateSource("freemarker/screenshots.ftl"): Found
2025-01-19 19:51:27 [pool-2-thread-1] DEBUG:: Loading template for "freemarker/screenshots.ftl"("en_GB", windows-1252, parsed) from "jar:file:/C:/Users/USUARIO/.m2/repository/net/serenity-bdd/serenity-report-resources/3.3.4/serenity-report-resources-3.3.4.jar!/freemarker/screenshots.ftl"
2025-01-19 19:51:27 [pool-2-thread-1] DEBUG:: Couldn't find template in cache for "freemarker/libraries/favicon.ftl"("en_GB", windows-1252, parsed); will try to load it.
2025-01-19 19:51:27 [pool-2-thread-1] DEBUG:: TemplateLoader.findTemplateSource("freemarker/libraries/favicon_en_GB.ftl"): Not found
2025-01-19 19:51:27 [pool-2-thread-1] DEBUG:: TemplateLoader.findTemplateSource("freemarker/libraries/favicon_en.ftl"): Not found
2025-01-19 19:51:27 [pool-2-thread-1] DEBUG:: TemplateLoader.findTemplateSource("freemarker/libraries/favicon.ftl"): Found
2025-01-19 19:51:27 [pool-2-thread-1] DEBUG:: Loading template for "freemarker/libraries/favicon.ftl"("en_GB", windows-1252, parsed) from "jar:file:/C:/Users/USUARIO/.m2/repository/net/serenity-bdd/serenity-report-resources/3.3.4/serenity-report-resources-3.3.4.jar!/freemarker/libraries/favicon.ftl"
2025-01-19 19:51:27 [pool-2-thread-1] DEBUG:: Couldn't find template in cache for "freemarker/libraries/common.ftl"("en_GB", windows-1252, parsed); will try to load it.
2025-01-19 19:51:27 [pool-2-thread-1] DEBUG:: TemplateLoader.findTemplateSource("freemarker/libraries/common_en_GB.ftl"): Not found
2025-01-19 19:51:27 [pool-2-thread-1] DEBUG:: TemplateLoader.findTemplateSource("freemarker/libraries/common_en.ftl"): Not found
2025-01-19 19:51:27 [pool-2-thread-1] DEBUG:: TemplateLoader.findTemplateSource("freemarker/libraries/common.ftl"): Found
2025-01-19 19:51:27 [pool-2-thread-1] DEBUG:: Loading template for "freemarker/libraries/common.ftl"("en_GB", windows-1252, parsed) from "jar:file:/C:/Users/USUARIO/.m2/repository/net/serenity-bdd/serenity-report-resources/3.3.4/serenity-report-resources-3.3.4.jar!/freemarker/libraries/common.ftl"
2025-01-19 19:51:27 [pool-2-thread-1] DEBUG:: Couldn't find template in cache for "freemarker/libraries/bootstrap-icons.ftl"("en_GB", windows-1252, parsed); will try to load it.
2025-01-19 19:51:27 [pool-2-thread-1] DEBUG:: TemplateLoader.findTemplateSource("freemarker/libraries/bootstrap-icons_en_GB.ftl"): Not found
2025-01-19 19:51:27 [pool-2-thread-1] DEBUG:: TemplateLoader.findTemplateSource("freemarker/libraries/bootstrap-icons_en.ftl"): Not found
2025-01-19 19:51:27 [pool-2-thread-1] DEBUG:: TemplateLoader.findTemplateSource("freemarker/libraries/bootstrap-icons.ftl"): Found
2025-01-19 19:51:27 [pool-2-thread-1] DEBUG:: Loading template for "freemarker/libraries/bootstrap-icons.ftl"("en_GB", windows-1252, parsed) from "jar:file:/C:/Users/USUARIO/.m2/repository/net/serenity-bdd/serenity-report-resources/3.3.4/serenity-report-resources-3.3.4.jar!/freemarker/libraries/bootstrap-icons.ftl"
2025-01-19 19:51:27 [pool-2-thread-1] DEBUG:: Couldn't find template in cache for "freemarker/libraries/jquery.ftl"("en_GB", windows-1252, parsed); will try to load it.
2025-01-19 19:51:27 [pool-2-thread-1] DEBUG:: TemplateLoader.findTemplateSource("freemarker/libraries/jquery_en_GB.ftl"): Not found
2025-01-19 19:51:27 [pool-2-thread-1] DEBUG:: TemplateLoader.findTemplateSource("freemarker/libraries/jquery_en.ftl"): Not found
2025-01-19 19:51:27 [pool-2-thread-1] DEBUG:: TemplateLoader.findTemplateSource("freemarker/libraries/jquery.ftl"): Found
2025-01-19 19:51:27 [pool-2-thread-1] DEBUG:: Loading template for "freemarker/libraries/jquery.ftl"("en_GB", windows-1252, parsed) from "jar:file:/C:/Users/USUARIO/.m2/repository/net/serenity-bdd/serenity-report-resources/3.3.4/serenity-report-resources-3.3.4.jar!/freemarker/libraries/jquery.ftl"
2025-01-19 19:51:27 [pool-2-thread-1] DEBUG:: Couldn't find template in cache for "freemarker/libraries/treeview.ftl"("en_GB", windows-1252, parsed); will try to load it.
2025-01-19 19:51:27 [pool-2-thread-1] DEBUG:: TemplateLoader.findTemplateSource("freemarker/libraries/treeview_en_GB.ftl"): Not found
2025-01-19 19:51:27 [pool-2-thread-1] DEBUG:: TemplateLoader.findTemplateSource("freemarker/libraries/treeview_en.ftl"): Not found
2025-01-19 19:51:27 [pool-2-thread-1] DEBUG:: TemplateLoader.findTemplateSource("freemarker/libraries/treeview.ftl"): Found
2025-01-19 19:51:27 [pool-2-thread-1] DEBUG:: Loading template for "freemarker/libraries/treeview.ftl"("en_GB", windows-1252, parsed) from "jar:file:/C:/Users/USUARIO/.m2/repository/net/serenity-bdd/serenity-report-resources/3.3.4/serenity-report-resources-3.3.4.jar!/freemarker/libraries/treeview.ftl"
2025-01-19 19:51:27 [pool-2-thread-1] DEBUG:: Couldn't find template in cache for "freemarker/libraries/datatables.ftl"("en_GB", windows-1252, parsed); will try to load it.
2025-01-19 19:51:27 [pool-2-thread-1] DEBUG:: TemplateLoader.findTemplateSource("freemarker/libraries/datatables_en_GB.ftl"): Not found
2025-01-19 19:51:27 [pool-2-thread-1] DEBUG:: TemplateLoader.findTemplateSource("freemarker/libraries/datatables_en.ftl"): Not found
2025-01-19 19:51:27 [pool-2-thread-1] DEBUG:: TemplateLoader.findTemplateSource("freemarker/libraries/datatables.ftl"): Found
2025-01-19 19:51:27 [pool-2-thread-1] DEBUG:: Loading template for "freemarker/libraries/datatables.ftl"("en_GB", windows-1252, parsed) from "jar:file:/C:/Users/USUARIO/.m2/repository/net/serenity-bdd/serenity-report-resources/3.3.4/serenity-report-resources-3.3.4.jar!/freemarker/libraries/datatables.ftl"
2025-01-19 19:51:27 [pool-2-thread-1] DEBUG:: Couldn't find template in cache for "freemarker/libraries/css.ftl"("en_GB", windows-1252, parsed); will try to load it.
2025-01-19 19:51:27 [pool-2-thread-1] DEBUG:: TemplateLoader.findTemplateSource("freemarker/libraries/css_en_GB.ftl"): Not found
2025-01-19 19:51:27 [pool-2-thread-1] DEBUG:: TemplateLoader.findTemplateSource("freemarker/libraries/css_en.ftl"): Not found
2025-01-19 19:51:27 [pool-2-thread-1] DEBUG:: TemplateLoader.findTemplateSource("freemarker/libraries/css.ftl"): Found
2025-01-19 19:51:27 [pool-2-thread-1] DEBUG:: Loading template for "freemarker/libraries/css.ftl"("en_GB", windows-1252, parsed) from "jar:file:/C:/Users/USUARIO/.m2/repository/net/serenity-bdd/serenity-report-resources/3.3.4/serenity-report-resources-3.3.4.jar!/freemarker/libraries/css.ftl"
2025-01-19 19:51:27 [pool-2-thread-1] DEBUG:: Couldn't find template in cache for "freemarker/libraries/nivo-slider.ftl"("en_GB", windows-1252, parsed); will try to load it.
2025-01-19 19:51:27 [pool-2-thread-1] DEBUG:: TemplateLoader.findTemplateSource("freemarker/libraries/nivo-slider_en_GB.ftl"): Not found
2025-01-19 19:51:27 [pool-2-thread-1] DEBUG:: TemplateLoader.findTemplateSource("freemarker/libraries/nivo-slider_en.ftl"): Not found
2025-01-19 19:51:27 [pool-2-thread-1] DEBUG:: TemplateLoader.findTemplateSource("freemarker/libraries/nivo-slider.ftl"): Found
2025-01-19 19:51:27 [pool-2-thread-1] DEBUG:: Loading template for "freemarker/libraries/nivo-slider.ftl"("en_GB", windows-1252, parsed) from "jar:file:/C:/Users/USUARIO/.m2/repository/net/serenity-bdd/serenity-report-resources/3.3.4/serenity-report-resources-3.3.4.jar!/freemarker/libraries/nivo-slider.ftl"
2025-01-19 19:51:27 [pool-2-thread-1] DEBUG:: Couldn't find template in cache for "freemarker/components/stacktrace.ftl"("en_GB", windows-1252, parsed); will try to load it.
2025-01-19 19:51:27 [pool-2-thread-1] DEBUG:: TemplateLoader.findTemplateSource("freemarker/components/stacktrace_en_GB.ftl"): Not found
2025-01-19 19:51:27 [pool-2-thread-1] DEBUG:: TemplateLoader.findTemplateSource("freemarker/components/stacktrace_en.ftl"): Not found
2025-01-19 19:51:27 [pool-2-thread-1] DEBUG:: TemplateLoader.findTemplateSource("freemarker/components/stacktrace.ftl"): Found
2025-01-19 19:51:27 [pool-2-thread-1] DEBUG:: Loading template for "freemarker/components/stacktrace.ftl"("en_GB", windows-1252, parsed) from "jar:file:/C:/Users/USUARIO/.m2/repository/net/serenity-bdd/serenity-report-resources/3.3.4/serenity-report-resources-3.3.4.jar!/freemarker/components/stacktrace.ftl"
2025-01-19 19:51:27 [pool-2-thread-1] DEBUG:: Couldn't find template in cache for "freemarker/menu.ftl"("en_GB", windows-1252, parsed); will try to load it.
2025-01-19 19:51:27 [pool-2-thread-1] DEBUG:: TemplateLoader.findTemplateSource("freemarker/menu_en_GB.ftl"): Not found
2025-01-19 19:51:27 [pool-2-thread-1] DEBUG:: TemplateLoader.findTemplateSource("freemarker/menu_en.ftl"): Not found
2025-01-19 19:51:27 [pool-2-thread-1] DEBUG:: TemplateLoader.findTemplateSource("freemarker/menu.ftl"): Found
2025-01-19 19:51:27 [pool-2-thread-1] DEBUG:: Loading template for "freemarker/menu.ftl"("en_GB", windows-1252, parsed) from "jar:file:/C:/Users/USUARIO/.m2/repository/net/serenity-bdd/serenity-report-resources/3.3.4/serenity-report-resources-3.3.4.jar!/freemarker/menu.ftl"
2025-01-19 19:51:28 [pool-2-thread-1] DEBUG:: Key "depthIndicatorForLevel" was not found on instance of net.thucydides.core.reports.html.Formatter. Introspection information for the class is: {renderMarkdown=public java.lang.String net.thucydides.core.reports.html.Formatter.renderMarkdown(java.lang.String), resultRank=public net.thucydides.core.reports.html.ResultRankingFormatter net.thucydides.core.reports.html.Formatter.resultRank(), getClass=public final native java.lang.Class java.lang.Object.getClass(), addMarkdownLineBreaks=public static java.lang.String net.thucydides.core.reports.html.Formatter.addMarkdownLineBreaks(java.lang.String), addLineBreaks=public static java.lang.String net.thucydides.core.reports.html.Formatter.addLineBreaks(java.lang.String), htmlCompatibleStepDescription=public java.lang.String net.thucydides.core.reports.html.Formatter.htmlCompatibleStepDescription(java.lang.Object), renderDescriptionWithEmbeddedResults=public java.lang.String net.thucydides.core.reports.html.Formatter.renderDescriptionWithEmbeddedResults(java.lang.String,net.thucydides.core.requirements.reports.RequirementsOutcomes), renderDescription=public java.lang.String net.thucydides.core.reports.html.Formatter.renderDescription(java.lang.String), plainHtmlCompatible=public java.lang.String net.thucydides.core.reports.html.Formatter.plainHtmlCompatible(java.lang.Object), renderText=public java.lang.String net.thucydides.core.reports.html.Formatter.renderText(java.lang.String), restQuery=public java.lang.String net.thucydides.core.reports.html.Formatter.restQuery(java.lang.String), renderTableDescription=public java.lang.String net.thucydides.core.reports.html.Formatter.renderTableDescription(java.lang.String,net.thucydides.core.requirements.reports.RequirementsOutcomes), resultIcon=public net.thucydides.core.reports.html.ResultIconFormatter net.thucydides.core.reports.html.Formatter.resultIcon(), hashCode=public native int java.lang.Object.hashCode(), renderHeaders=public java.lang.String net.thucydides.core.reports.html.Formatter.renderHeaders(java.lang.String), renderHtmlEscapedDescription=public java.lang.String net.thucydides.core.reports.html.Formatter.renderHtmlEscapedDescription(java.lang.String), class=freemarker.ext.beans.FastPropertyDescriptor@430fdbcc, humanReadableFormOf=public java.lang.String net.thucydides.core.reports.html.Formatter.humanReadableFormOf(java.lang.String), tagLabel=public java.lang.String net.thucydides.core.reports.html.Formatter.tagLabel(net.thucydides.core.model.TestTag), humanReadableTitle=public java.lang.String net.thucydides.core.reports.html.Formatter.humanReadableTitle(java.lang.String), javascriptCompatible=public java.lang.String net.thucydides.core.reports.html.Formatter.javascriptCompatible(java.lang.Object), htmlCompatibleStoryTitle=public java.lang.String net.thucydides.core.reports.html.Formatter.htmlCompatibleStoryTitle(java.lang.Object), messageBody=public java.lang.String net.thucydides.core.reports.html.Formatter.messageBody(java.lang.String), renderDescriptionWithFormattedTables=freemarker.ext.beans.OverloadedMethods@3d51d16d, truncatedHtmlCompatible=public java.lang.String net.thucydides.core.reports.html.Formatter.truncatedHtmlCompatible(java.lang.String,int), htmlAttributeCompatible=freemarker.ext.beans.OverloadedMethods@5211ef17, htmlCompatible=public java.lang.String net.thucydides.core.reports.html.Formatter.htmlCompatible(java.lang.Object), escapedXML=public java.lang.String net.thucydides.core.reports.html.Formatter.escapedXML(java.lang.String), htmlCompatibleTestTitle=public java.lang.String net.thucydides.core.reports.html.Formatter.htmlCompatibleTestTitle(java.lang.Object), equals=public boolean java.lang.Object.equals(java.lang.Object), formatWithFields=public java.lang.String net.thucydides.core.reports.html.Formatter.formatWithFields(java.lang.String), java.lang.Object@669845a1=freemarker.ext.beans.OverloadedMethods@2c9e9bee, toString=public java.lang.String java.lang.Object.toString(), convertAnyTables=public java.lang.String net.thucydides.core.reports.html.Formatter.convertAnyTables(java.lang.String), java.lang.Object@4af0d04f={public java.lang.String java.lang.Object.toString()=[Ljava.lang.Class;@11f2f40a, public java.lang.String net.thucydides.core.reports.html.Formatter.javascriptCompatible(java.lang.Object)=[Ljava.lang.Class;@221b85e0, public java.lang.String net.thucydides.core.reports.html.Formatter.htmlCompatibleStoryTitle(java.lang.Object)=[Ljava.lang.Class;@7f2fafe3, public java.lang.String net.thucydides.core.reports.html.Formatter.messageBody(java.lang.String)=[Ljava.lang.Class;@27b61a03, public java.lang.String net.thucydides.core.reports.html.Formatter.truncatedHtmlCompatible(java.lang.String,int)=[Ljava.lang.Class;@21e2e85b, public boolean java.lang.Object.equals(java.lang.Object)=[Ljava.lang.Class;@5fa85d02, public java.lang.String net.thucydides.core.reports.html.Formatter.htmlCompatible(java.lang.Object)=[Ljava.lang.Class;@5d7ab1a3, public java.lang.String net.thucydides.core.reports.html.Formatter.escapedXML(java.lang.String)=[Ljava.lang.Class;@4a8bce0d, public java.lang.String net.thucydides.core.reports.html.Formatter.htmlCompatibleTestTitle(java.lang.Object)=[Ljava.lang.Class;@7c1d5737, public java.lang.String net.thucydides.core.reports.html.Formatter.formatWithFields(java.lang.String)=[Ljava.lang.Class;@614055fb, public java.lang.String net.thucydides.core.reports.html.Formatter.convertAnyTables(java.lang.String)=[Ljava.lang.Class;@69bf07d9, public java.lang.String net.thucydides.core.reports.html.Formatter.renderTitle(java.lang.String)=[Ljava.lang.Class;@7d505745, public java.lang.String net.thucydides.core.reports.html.Formatter.renderMarkdown(java.lang.String)=[Ljava.lang.Class;@6b621337, public net.thucydides.core.reports.html.ResultRankingFormatter net.thucydides.core.reports.html.Formatter.resultRank()=[Ljava.lang.Class;@8ee6c2d, public static java.lang.String net.thucydides.core.reports.html.Formatter.addMarkdownLineBreaks(java.lang.String)=[Ljava.lang.Class;@19fe3326, public static java.lang.String net.thucydides.core.reports.html.Formatter.addLineBreaks(java.lang.String)=[Ljava.lang.Class;@66eba523, public java.lang.String net.thucydides.core.reports.html.Formatter.htmlCompatibleStepDescription(java.lang.Object)=[Ljava.lang.Class;@1debe962, public java.lang.String net.thucydides.core.reports.html.Formatter.renderDescriptionWithEmbeddedResults(java.lang.String,net.thucydides.core.requirements.reports.RequirementsOutcomes)=[Ljava.lang.Class;@669f61f6, public native int java.lang.Object.hashCode()=[Ljava.lang.Class;@e101900, public java.lang.String net.thucydides.core.reports.html.Formatter.plainHtmlCompatible(java.lang.Object)=[Ljava.lang.Class;@3569675c, public java.lang.String net.thucydides.core.reports.html.Formatter.renderText(java.lang.String)=[Ljava.lang.Class;@778b286a, public java.lang.String net.thucydides.core.reports.html.Formatter.restQuery(java.lang.String)=[Ljava.lang.Class;@6a0677bc, public java.lang.String net.thucydides.core.reports.html.Formatter.renderDescription(java.lang.String)=[Ljava.lang.Class;@6450abe5, public java.lang.String net.thucydides.core.reports.html.Formatter.renderTableDescription(java.lang.String,net.thucydides.core.requirements.reports.RequirementsOutcomes)=[Ljava.lang.Class;@1afd73b4, public net.thucydides.core.reports.html.ResultIconFormatter net.thucydides.core.reports.html.Formatter.resultIcon()=[Ljava.lang.Class;@349bd0f9, public java.lang.String net.thucydides.core.reports.html.Formatter.renderHeaders(java.lang.String)=[Ljava.lang.Class;@6df9fa41, public java.lang.String net.thucydides.core.reports.html.Formatter.renderHtmlEscapedDescription(java.lang.String)=[Ljava.lang.Class;@c176b98, public final native java.lang.Class java.lang.Object.getClass()=[Ljava.lang.Class;@7d06d97d, public java.lang.String net.thucydides.core.reports.html.Formatter.humanReadableFormOf(java.lang.String)=[Ljava.lang.Class;@17f0d23c, public java.lang.String net.thucydides.core.reports.html.Formatter.humanReadableTitle(java.lang.String)=[Ljava.lang.Class;@35f91971, public java.lang.String net.thucydides.core.reports.html.Formatter.tagLabel(net.thucydides.core.model.TestTag)=[Ljava.lang.Class;@205effd}, renderTitle=public java.lang.String net.thucydides.core.reports.html.Formatter.renderTitle(java.lang.String)}
2025-01-19 19:51:28 [pool-2-thread-1] DEBUG:: Key "depthIndicatorForLevel" was not found on instance of net.thucydides.core.reports.html.Formatter. Introspection information for the class is: {renderMarkdown=public java.lang.String net.thucydides.core.reports.html.Formatter.renderMarkdown(java.lang.String), resultRank=public net.thucydides.core.reports.html.ResultRankingFormatter net.thucydides.core.reports.html.Formatter.resultRank(), getClass=public final native java.lang.Class java.lang.Object.getClass(), addMarkdownLineBreaks=public static java.lang.String net.thucydides.core.reports.html.Formatter.addMarkdownLineBreaks(java.lang.String), addLineBreaks=public static java.lang.String net.thucydides.core.reports.html.Formatter.addLineBreaks(java.lang.String), htmlCompatibleStepDescription=public java.lang.String net.thucydides.core.reports.html.Formatter.htmlCompatibleStepDescription(java.lang.Object), renderDescriptionWithEmbeddedResults=public java.lang.String net.thucydides.core.reports.html.Formatter.renderDescriptionWithEmbeddedResults(java.lang.String,net.thucydides.core.requirements.reports.RequirementsOutcomes), renderDescription=public java.lang.String net.thucydides.core.reports.html.Formatter.renderDescription(java.lang.String), plainHtmlCompatible=public java.lang.String net.thucydides.core.reports.html.Formatter.plainHtmlCompatible(java.lang.Object), renderText=public java.lang.String net.thucydides.core.reports.html.Formatter.renderText(java.lang.String), restQuery=public java.lang.String net.thucydides.core.reports.html.Formatter.restQuery(java.lang.String), renderTableDescription=public java.lang.String net.thucydides.core.reports.html.Formatter.renderTableDescription(java.lang.String,net.thucydides.core.requirements.reports.RequirementsOutcomes), resultIcon=public net.thucydides.core.reports.html.ResultIconFormatter net.thucydides.core.reports.html.Formatter.resultIcon(), hashCode=public native int java.lang.Object.hashCode(), renderHeaders=public java.lang.String net.thucydides.core.reports.html.Formatter.renderHeaders(java.lang.String), renderHtmlEscapedDescription=public java.lang.String net.thucydides.core.reports.html.Formatter.renderHtmlEscapedDescription(java.lang.String), class=freemarker.ext.beans.FastPropertyDescriptor@430fdbcc, humanReadableFormOf=public java.lang.String net.thucydides.core.reports.html.Formatter.humanReadableFormOf(java.lang.String), tagLabel=public java.lang.String net.thucydides.core.reports.html.Formatter.tagLabel(net.thucydides.core.model.TestTag), humanReadableTitle=public java.lang.String net.thucydides.core.reports.html.Formatter.humanReadableTitle(java.lang.String), javascriptCompatible=public java.lang.String net.thucydides.core.reports.html.Formatter.javascriptCompatible(java.lang.Object), htmlCompatibleStoryTitle=public java.lang.String net.thucydides.core.reports.html.Formatter.htmlCompatibleStoryTitle(java.lang.Object), messageBody=public java.lang.String net.thucydides.core.reports.html.Formatter.messageBody(java.lang.String), renderDescriptionWithFormattedTables=freemarker.ext.beans.OverloadedMethods@3d51d16d, truncatedHtmlCompatible=public java.lang.String net.thucydides.core.reports.html.Formatter.truncatedHtmlCompatible(java.lang.String,int), htmlAttributeCompatible=freemarker.ext.beans.OverloadedMethods@5211ef17, htmlCompatible=public java.lang.String net.thucydides.core.reports.html.Formatter.htmlCompatible(java.lang.Object), escapedXML=public java.lang.String net.thucydides.core.reports.html.Formatter.escapedXML(java.lang.String), htmlCompatibleTestTitle=public java.lang.String net.thucydides.core.reports.html.Formatter.htmlCompatibleTestTitle(java.lang.Object), equals=public boolean java.lang.Object.equals(java.lang.Object), formatWithFields=public java.lang.String net.thucydides.core.reports.html.Formatter.formatWithFields(java.lang.String), java.lang.Object@669845a1=freemarker.ext.beans.OverloadedMethods@2c9e9bee, toString=public java.lang.String java.lang.Object.toString(), convertAnyTables=public java.lang.String net.thucydides.core.reports.html.Formatter.convertAnyTables(java.lang.String), java.lang.Object@4af0d04f={public java.lang.String java.lang.Object.toString()=[Ljava.lang.Class;@11f2f40a, public java.lang.String net.thucydides.core.reports.html.Formatter.javascriptCompatible(java.lang.Object)=[Ljava.lang.Class;@221b85e0, public java.lang.String net.thucydides.core.reports.html.Formatter.htmlCompatibleStoryTitle(java.lang.Object)=[Ljava.lang.Class;@7f2fafe3, public java.lang.String net.thucydides.core.reports.html.Formatter.messageBody(java.lang.String)=[Ljava.lang.Class;@27b61a03, public java.lang.String net.thucydides.core.reports.html.Formatter.truncatedHtmlCompatible(java.lang.String,int)=[Ljava.lang.Class;@21e2e85b, public boolean java.lang.Object.equals(java.lang.Object)=[Ljava.lang.Class;@5fa85d02, public java.lang.String net.thucydides.core.reports.html.Formatter.htmlCompatible(java.lang.Object)=[Ljava.lang.Class;@5d7ab1a3, public java.lang.String net.thucydides.core.reports.html.Formatter.escapedXML(java.lang.String)=[Ljava.lang.Class;@4a8bce0d, public java.lang.String net.thucydides.core.reports.html.Formatter.htmlCompatibleTestTitle(java.lang.Object)=[Ljava.lang.Class;@7c1d5737, public java.lang.String net.thucydides.core.reports.html.Formatter.formatWithFields(java.lang.String)=[Ljava.lang.Class;@614055fb, public java.lang.String net.thucydides.core.reports.html.Formatter.convertAnyTables(java.lang.String)=[Ljava.lang.Class;@69bf07d9, public java.lang.String net.thucydides.core.reports.html.Formatter.renderTitle(java.lang.String)=[Ljava.lang.Class;@7d505745, public java.lang.String net.thucydides.core.reports.html.Formatter.renderMarkdown(java.lang.String)=[Ljava.lang.Class;@6b621337, public net.thucydides.core.reports.html.ResultRankingFormatter net.thucydides.core.reports.html.Formatter.resultRank()=[Ljava.lang.Class;@8ee6c2d, public static java.lang.String net.thucydides.core.reports.html.Formatter.addMarkdownLineBreaks(java.lang.String)=[Ljava.lang.Class;@19fe3326, public static java.lang.String net.thucydides.core.reports.html.Formatter.addLineBreaks(java.lang.String)=[Ljava.lang.Class;@66eba523, public java.lang.String net.thucydides.core.reports.html.Formatter.htmlCompatibleStepDescription(java.lang.Object)=[Ljava.lang.Class;@1debe962, public java.lang.String net.thucydides.core.reports.html.Formatter.renderDescriptionWithEmbeddedResults(java.lang.String,net.thucydides.core.requirements.reports.RequirementsOutcomes)=[Ljava.lang.Class;@669f61f6, public native int java.lang.Object.hashCode()=[Ljava.lang.Class;@e101900, public java.lang.String net.thucydides.core.reports.html.Formatter.plainHtmlCompatible(java.lang.Object)=[Ljava.lang.Class;@3569675c, public java.lang.String net.thucydides.core.reports.html.Formatter.renderText(java.lang.String)=[Ljava.lang.Class;@778b286a, public java.lang.String net.thucydides.core.reports.html.Formatter.restQuery(java.lang.String)=[Ljava.lang.Class;@6a0677bc, public java.lang.String net.thucydides.core.reports.html.Formatter.renderDescription(java.lang.String)=[Ljava.lang.Class;@6450abe5, public java.lang.String net.thucydides.core.reports.html.Formatter.renderTableDescription(java.lang.String,net.thucydides.core.requirements.reports.RequirementsOutcomes)=[Ljava.lang.Class;@1afd73b4, public net.thucydides.core.reports.html.ResultIconFormatter net.thucydides.core.reports.html.Formatter.resultIcon()=[Ljava.lang.Class;@349bd0f9, public java.lang.String net.thucydides.core.reports.html.Formatter.renderHeaders(java.lang.String)=[Ljava.lang.Class;@6df9fa41, public java.lang.String net.thucydides.core.reports.html.Formatter.renderHtmlEscapedDescription(java.lang.String)=[Ljava.lang.Class;@c176b98, public final native java.lang.Class java.lang.Object.getClass()=[Ljava.lang.Class;@7d06d97d, public java.lang.String net.thucydides.core.reports.html.Formatter.humanReadableFormOf(java.lang.String)=[Ljava.lang.Class;@17f0d23c, public java.lang.String net.thucydides.core.reports.html.Formatter.humanReadableTitle(java.lang.String)=[Ljava.lang.Class;@35f91971, public java.lang.String net.thucydides.core.reports.html.Formatter.tagLabel(net.thucydides.core.model.TestTag)=[Ljava.lang.Class;@205effd}, renderTitle=public java.lang.String net.thucydides.core.reports.html.Formatter.renderTitle(java.lang.String)}
2025-01-19 19:51:28 [pool-2-thread-1] DEBUG:: Key "depthIndicatorForLevel" was not found on instance of net.thucydides.core.reports.html.Formatter. Introspection information for the class is: {renderMarkdown=public java.lang.String net.thucydides.core.reports.html.Formatter.renderMarkdown(java.lang.String), resultRank=public net.thucydides.core.reports.html.ResultRankingFormatter net.thucydides.core.reports.html.Formatter.resultRank(), getClass=public final native java.lang.Class java.lang.Object.getClass(), addMarkdownLineBreaks=public static java.lang.String net.thucydides.core.reports.html.Formatter.addMarkdownLineBreaks(java.lang.String), addLineBreaks=public static java.lang.String net.thucydides.core.reports.html.Formatter.addLineBreaks(java.lang.String), htmlCompatibleStepDescription=public java.lang.String net.thucydides.core.reports.html.Formatter.htmlCompatibleStepDescription(java.lang.Object), renderDescriptionWithEmbeddedResults=public java.lang.String net.thucydides.core.reports.html.Formatter.renderDescriptionWithEmbeddedResults(java.lang.String,net.thucydides.core.requirements.reports.RequirementsOutcomes), renderDescription=public java.lang.String net.thucydides.core.reports.html.Formatter.renderDescription(java.lang.String), plainHtmlCompatible=public java.lang.String net.thucydides.core.reports.html.Formatter.plainHtmlCompatible(java.lang.Object), renderText=public java.lang.String net.thucydides.core.reports.html.Formatter.renderText(java.lang.String), restQuery=public java.lang.String net.thucydides.core.reports.html.Formatter.restQuery(java.lang.String), renderTableDescription=public java.lang.String net.thucydides.core.reports.html.Formatter.renderTableDescription(java.lang.String,net.thucydides.core.requirements.reports.RequirementsOutcomes), resultIcon=public net.thucydides.core.reports.html.ResultIconFormatter net.thucydides.core.reports.html.Formatter.resultIcon(), hashCode=public native int java.lang.Object.hashCode(), renderHeaders=public java.lang.String net.thucydides.core.reports.html.Formatter.renderHeaders(java.lang.String), renderHtmlEscapedDescription=public java.lang.String net.thucydides.core.reports.html.Formatter.renderHtmlEscapedDescription(java.lang.String), class=freemarker.ext.beans.FastPropertyDescriptor@430fdbcc, humanReadableFormOf=public java.lang.String net.thucydides.core.reports.html.Formatter.humanReadableFormOf(java.lang.String), tagLabel=public java.lang.String net.thucydides.core.reports.html.Formatter.tagLabel(net.thucydides.core.model.TestTag), humanReadableTitle=public java.lang.String net.thucydides.core.reports.html.Formatter.humanReadableTitle(java.lang.String), javascriptCompatible=public java.lang.String net.thucydides.core.reports.html.Formatter.javascriptCompatible(java.lang.Object), htmlCompatibleStoryTitle=public java.lang.String net.thucydides.core.reports.html.Formatter.htmlCompatibleStoryTitle(java.lang.Object), messageBody=public java.lang.String net.thucydides.core.reports.html.Formatter.messageBody(java.lang.String), renderDescriptionWithFormattedTables=freemarker.ext.beans.OverloadedMethods@3d51d16d, truncatedHtmlCompatible=public java.lang.String net.thucydides.core.reports.html.Formatter.truncatedHtmlCompatible(java.lang.String,int), htmlAttributeCompatible=freemarker.ext.beans.OverloadedMethods@5211ef17, htmlCompatible=public java.lang.String net.thucydides.core.reports.html.Formatter.htmlCompatible(java.lang.Object), escapedXML=public java.lang.String net.thucydides.core.reports.html.Formatter.escapedXML(java.lang.String), htmlCompatibleTestTitle=public java.lang.String net.thucydides.core.reports.html.Formatter.htmlCompatibleTestTitle(java.lang.Object), equals=public boolean java.lang.Object.equals(java.lang.Object), formatWithFields=public java.lang.String net.thucydides.core.reports.html.Formatter.formatWithFields(java.lang.String), java.lang.Object@669845a1=freemarker.ext.beans.OverloadedMethods@2c9e9bee, toString=public java.lang.String java.lang.Object.toString(), convertAnyTables=public java.lang.String net.thucydides.core.reports.html.Formatter.convertAnyTables(java.lang.String), java.lang.Object@4af0d04f={public java.lang.String java.lang.Object.toString()=[Ljava.lang.Class;@11f2f40a, public java.lang.String net.thucydides.core.reports.html.Formatter.javascriptCompatible(java.lang.Object)=[Ljava.lang.Class;@221b85e0, public java.lang.String net.thucydides.core.reports.html.Formatter.htmlCompatibleStoryTitle(java.lang.Object)=[Ljava.lang.Class;@7f2fafe3, public java.lang.String net.thucydides.core.reports.html.Formatter.messageBody(java.lang.String)=[Ljava.lang.Class;@27b61a03, public java.lang.String net.thucydides.core.reports.html.Formatter.truncatedHtmlCompatible(java.lang.String,int)=[Ljava.lang.Class;@21e2e85b, public boolean java.lang.Object.equals(java.lang.Object)=[Ljava.lang.Class;@5fa85d02, public java.lang.String net.thucydides.core.reports.html.Formatter.htmlCompatible(java.lang.Object)=[Ljava.lang.Class;@5d7ab1a3, public java.lang.String net.thucydides.core.reports.html.Formatter.escapedXML(java.lang.String)=[Ljava.lang.Class;@4a8bce0d, public java.lang.String net.thucydides.core.reports.html.Formatter.htmlCompatibleTestTitle(java.lang.Object)=[Ljava.lang.Class;@7c1d5737, public java.lang.String net.thucydides.core.reports.html.Formatter.formatWithFields(java.lang.String)=[Ljava.lang.Class;@614055fb, public java.lang.String net.thucydides.core.reports.html.Formatter.convertAnyTables(java.lang.String)=[Ljava.lang.Class;@69bf07d9, public java.lang.String net.thucydides.core.reports.html.Formatter.renderTitle(java.lang.String)=[Ljava.lang.Class;@7d505745, public java.lang.String net.thucydides.core.reports.html.Formatter.renderMarkdown(java.lang.String)=[Ljava.lang.Class;@6b621337, public net.thucydides.core.reports.html.ResultRankingFormatter net.thucydides.core.reports.html.Formatter.resultRank()=[Ljava.lang.Class;@8ee6c2d, public static java.lang.String net.thucydides.core.reports.html.Formatter.addMarkdownLineBreaks(java.lang.String)=[Ljava.lang.Class;@19fe3326, public static java.lang.String net.thucydides.core.reports.html.Formatter.addLineBreaks(java.lang.String)=[Ljava.lang.Class;@66eba523, public java.lang.String net.thucydides.core.reports.html.Formatter.htmlCompatibleStepDescription(java.lang.Object)=[Ljava.lang.Class;@1debe962, public java.lang.String net.thucydides.core.reports.html.Formatter.renderDescriptionWithEmbeddedResults(java.lang.String,net.thucydides.core.requirements.reports.RequirementsOutcomes)=[Ljava.lang.Class;@669f61f6, public native int java.lang.Object.hashCode()=[Ljava.lang.Class;@e101900, public java.lang.String net.thucydides.core.reports.html.Formatter.plainHtmlCompatible(java.lang.Object)=[Ljava.lang.Class;@3569675c, public java.lang.String net.thucydides.core.reports.html.Formatter.renderText(java.lang.String)=[Ljava.lang.Class;@778b286a, public java.lang.String net.thucydides.core.reports.html.Formatter.restQuery(java.lang.String)=[Ljava.lang.Class;@6a0677bc, public java.lang.String net.thucydides.core.reports.html.Formatter.renderDescription(java.lang.String)=[Ljava.lang.Class;@6450abe5, public java.lang.String net.thucydides.core.reports.html.Formatter.renderTableDescription(java.lang.String,net.thucydides.core.requirements.reports.RequirementsOutcomes)=[Ljava.lang.Class;@1afd73b4, public net.thucydides.core.reports.html.ResultIconFormatter net.thucydides.core.reports.html.Formatter.resultIcon()=[Ljava.lang.Class;@349bd0f9, public java.lang.String net.thucydides.core.reports.html.Formatter.renderHeaders(java.lang.String)=[Ljava.lang.Class;@6df9fa41, public java.lang.String net.thucydides.core.reports.html.Formatter.renderHtmlEscapedDescription(java.lang.String)=[Ljava.lang.Class;@c176b98, public final native java.lang.Class java.lang.Object.getClass()=[Ljava.lang.Class;@7d06d97d, public java.lang.String net.thucydides.core.reports.html.Formatter.humanReadableFormOf(java.lang.String)=[Ljava.lang.Class;@17f0d23c, public java.lang.String net.thucydides.core.reports.html.Formatter.humanReadableTitle(java.lang.String)=[Ljava.lang.Class;@35f91971, public java.lang.String net.thucydides.core.reports.html.Formatter.tagLabel(net.thucydides.core.model.TestTag)=[Ljava.lang.Class;@205effd}, renderTitle=public java.lang.String net.thucydides.core.reports.html.Formatter.renderTitle(java.lang.String)}
2025-01-19 19:51:28 [pool-2-thread-1] DEBUG:: Key "depthIndicatorForLevel" was not found on instance of net.thucydides.core.reports.html.Formatter. Introspection information for the class is: {renderMarkdown=public java.lang.String net.thucydides.core.reports.html.Formatter.renderMarkdown(java.lang.String), resultRank=public net.thucydides.core.reports.html.ResultRankingFormatter net.thucydides.core.reports.html.Formatter.resultRank(), getClass=public final native java.lang.Class java.lang.Object.getClass(), addMarkdownLineBreaks=public static java.lang.String net.thucydides.core.reports.html.Formatter.addMarkdownLineBreaks(java.lang.String), addLineBreaks=public static java.lang.String net.thucydides.core.reports.html.Formatter.addLineBreaks(java.lang.String), htmlCompatibleStepDescription=public java.lang.String net.thucydides.core.reports.html.Formatter.htmlCompatibleStepDescription(java.lang.Object), renderDescriptionWithEmbeddedResults=public java.lang.String net.thucydides.core.reports.html.Formatter.renderDescriptionWithEmbeddedResults(java.lang.String,net.thucydides.core.requirements.reports.RequirementsOutcomes), renderDescription=public java.lang.String net.thucydides.core.reports.html.Formatter.renderDescription(java.lang.String), plainHtmlCompatible=public java.lang.String net.thucydides.core.reports.html.Formatter.plainHtmlCompatible(java.lang.Object), renderText=public java.lang.String net.thucydides.core.reports.html.Formatter.renderText(java.lang.String), restQuery=public java.lang.String net.thucydides.core.reports.html.Formatter.restQuery(java.lang.String), renderTableDescription=public java.lang.String net.thucydides.core.reports.html.Formatter.renderTableDescription(java.lang.String,net.thucydides.core.requirements.reports.RequirementsOutcomes), resultIcon=public net.thucydides.core.reports.html.ResultIconFormatter net.thucydides.core.reports.html.Formatter.resultIcon(), hashCode=public native int java.lang.Object.hashCode(), renderHeaders=public java.lang.String net.thucydides.core.reports.html.Formatter.renderHeaders(java.lang.String), renderHtmlEscapedDescription=public java.lang.String net.thucydides.core.reports.html.Formatter.renderHtmlEscapedDescription(java.lang.String), class=freemarker.ext.beans.FastPropertyDescriptor@430fdbcc, humanReadableFormOf=public java.lang.String net.thucydides.core.reports.html.Formatter.humanReadableFormOf(java.lang.String), tagLabel=public java.lang.String net.thucydides.core.reports.html.Formatter.tagLabel(net.thucydides.core.model.TestTag), humanReadableTitle=public java.lang.String net.thucydides.core.reports.html.Formatter.humanReadableTitle(java.lang.String), javascriptCompatible=public java.lang.String net.thucydides.core.reports.html.Formatter.javascriptCompatible(java.lang.Object), htmlCompatibleStoryTitle=public java.lang.String net.thucydides.core.reports.html.Formatter.htmlCompatibleStoryTitle(java.lang.Object), messageBody=public java.lang.String net.thucydides.core.reports.html.Formatter.messageBody(java.lang.String), renderDescriptionWithFormattedTables=freemarker.ext.beans.OverloadedMethods@3d51d16d, truncatedHtmlCompatible=public java.lang.String net.thucydides.core.reports.html.Formatter.truncatedHtmlCompatible(java.lang.String,int), htmlAttributeCompatible=freemarker.ext.beans.OverloadedMethods@5211ef17, htmlCompatible=public java.lang.String net.thucydides.core.reports.html.Formatter.htmlCompatible(java.lang.Object), escapedXML=public java.lang.String net.thucydides.core.reports.html.Formatter.escapedXML(java.lang.String), htmlCompatibleTestTitle=public java.lang.String net.thucydides.core.reports.html.Formatter.htmlCompatibleTestTitle(java.lang.Object), equals=public boolean java.lang.Object.equals(java.lang.Object), formatWithFields=public java.lang.String net.thucydides.core.reports.html.Formatter.formatWithFields(java.lang.String), java.lang.Object@669845a1=freemarker.ext.beans.OverloadedMethods@2c9e9bee, toString=public java.lang.String java.lang.Object.toString(), convertAnyTables=public java.lang.String net.thucydides.core.reports.html.Formatter.convertAnyTables(java.lang.String), java.lang.Object@4af0d04f={public java.lang.String java.lang.Object.toString()=[Ljava.lang.Class;@11f2f40a, public java.lang.String net.thucydides.core.reports.html.Formatter.javascriptCompatible(java.lang.Object)=[Ljava.lang.Class;@221b85e0, public java.lang.String net.thucydides.core.reports.html.Formatter.htmlCompatibleStoryTitle(java.lang.Object)=[Ljava.lang.Class;@7f2fafe3, public java.lang.String net.thucydides.core.reports.html.Formatter.messageBody(java.lang.String)=[Ljava.lang.Class;@27b61a03, public java.lang.String net.thucydides.core.reports.html.Formatter.truncatedHtmlCompatible(java.lang.String,int)=[Ljava.lang.Class;@21e2e85b, public boolean java.lang.Object.equals(java.lang.Object)=[Ljava.lang.Class;@5fa85d02, public java.lang.String net.thucydides.core.reports.html.Formatter.htmlCompatible(java.lang.Object)=[Ljava.lang.Class;@5d7ab1a3, public java.lang.String net.thucydides.core.reports.html.Formatter.escapedXML(java.lang.String)=[Ljava.lang.Class;@4a8bce0d, public java.lang.String net.thucydides.core.reports.html.Formatter.htmlCompatibleTestTitle(java.lang.Object)=[Ljava.lang.Class;@7c1d5737, public java.lang.String net.thucydides.core.reports.html.Formatter.formatWithFields(java.lang.String)=[Ljava.lang.Class;@614055fb, public java.lang.String net.thucydides.core.reports.html.Formatter.convertAnyTables(java.lang.String)=[Ljava.lang.Class;@69bf07d9, public java.lang.String net.thucydides.core.reports.html.Formatter.renderTitle(java.lang.String)=[Ljava.lang.Class;@7d505745, public java.lang.String net.thucydides.core.reports.html.Formatter.renderMarkdown(java.lang.String)=[Ljava.lang.Class;@6b621337, public net.thucydides.core.reports.html.ResultRankingFormatter net.thucydides.core.reports.html.Formatter.resultRank()=[Ljava.lang.Class;@8ee6c2d, public static java.lang.String net.thucydides.core.reports.html.Formatter.addMarkdownLineBreaks(java.lang.String)=[Ljava.lang.Class;@19fe3326, public static java.lang.String net.thucydides.core.reports.html.Formatter.addLineBreaks(java.lang.String)=[Ljava.lang.Class;@66eba523, public java.lang.String net.thucydides.core.reports.html.Formatter.htmlCompatibleStepDescription(java.lang.Object)=[Ljava.lang.Class;@1debe962, public java.lang.String net.thucydides.core.reports.html.Formatter.renderDescriptionWithEmbeddedResults(java.lang.String,net.thucydides.core.requirements.reports.RequirementsOutcomes)=[Ljava.lang.Class;@669f61f6, public native int java.lang.Object.hashCode()=[Ljava.lang.Class;@e101900, public java.lang.String net.thucydides.core.reports.html.Formatter.plainHtmlCompatible(java.lang.Object)=[Ljava.lang.Class;@3569675c, public java.lang.String net.thucydides.core.reports.html.Formatter.renderText(java.lang.String)=[Ljava.lang.Class;@778b286a, public java.lang.String net.thucydides.core.reports.html.Formatter.restQuery(java.lang.String)=[Ljava.lang.Class;@6a0677bc, public java.lang.String net.thucydides.core.reports.html.Formatter.renderDescription(java.lang.String)=[Ljava.lang.Class;@6450abe5, public java.lang.String net.thucydides.core.reports.html.Formatter.renderTableDescription(java.lang.String,net.thucydides.core.requirements.reports.RequirementsOutcomes)=[Ljava.lang.Class;@1afd73b4, public net.thucydides.core.reports.html.ResultIconFormatter net.thucydides.core.reports.html.Formatter.resultIcon()=[Ljava.lang.Class;@349bd0f9, public java.lang.String net.thucydides.core.reports.html.Formatter.renderHeaders(java.lang.String)=[Ljava.lang.Class;@6df9fa41, public java.lang.String net.thucydides.core.reports.html.Formatter.renderHtmlEscapedDescription(java.lang.String)=[Ljava.lang.Class;@c176b98, public final native java.lang.Class java.lang.Object.getClass()=[Ljava.lang.Class;@7d06d97d, public java.lang.String net.thucydides.core.reports.html.Formatter.humanReadableFormOf(java.lang.String)=[Ljava.lang.Class;@17f0d23c, public java.lang.String net.thucydides.core.reports.html.Formatter.humanReadableTitle(java.lang.String)=[Ljava.lang.Class;@35f91971, public java.lang.String net.thucydides.core.reports.html.Formatter.tagLabel(net.thucydides.core.model.TestTag)=[Ljava.lang.Class;@205effd}, renderTitle=public java.lang.String net.thucydides.core.reports.html.Formatter.renderTitle(java.lang.String)}
2025-01-19 19:51:28 [pool-2-thread-1] DEBUG:: Key "depthIndicatorForLevel" was not found on instance of net.thucydides.core.reports.html.Formatter. Introspection information for the class is: {renderMarkdown=public java.lang.String net.thucydides.core.reports.html.Formatter.renderMarkdown(java.lang.String), resultRank=public net.thucydides.core.reports.html.ResultRankingFormatter net.thucydides.core.reports.html.Formatter.resultRank(), getClass=public final native java.lang.Class java.lang.Object.getClass(), addMarkdownLineBreaks=public static java.lang.String net.thucydides.core.reports.html.Formatter.addMarkdownLineBreaks(java.lang.String), addLineBreaks=public static java.lang.String net.thucydides.core.reports.html.Formatter.addLineBreaks(java.lang.String), htmlCompatibleStepDescription=public java.lang.String net.thucydides.core.reports.html.Formatter.htmlCompatibleStepDescription(java.lang.Object), renderDescriptionWithEmbeddedResults=public java.lang.String net.thucydides.core.reports.html.Formatter.renderDescriptionWithEmbeddedResults(java.lang.String,net.thucydides.core.requirements.reports.RequirementsOutcomes), renderDescription=public java.lang.String net.thucydides.core.reports.html.Formatter.renderDescription(java.lang.String), plainHtmlCompatible=public java.lang.String net.thucydides.core.reports.html.Formatter.plainHtmlCompatible(java.lang.Object), renderText=public java.lang.String net.thucydides.core.reports.html.Formatter.renderText(java.lang.String), restQuery=public java.lang.String net.thucydides.core.reports.html.Formatter.restQuery(java.lang.String), renderTableDescription=public java.lang.String net.thucydides.core.reports.html.Formatter.renderTableDescription(java.lang.String,net.thucydides.core.requirements.reports.RequirementsOutcomes), resultIcon=public net.thucydides.core.reports.html.ResultIconFormatter net.thucydides.core.reports.html.Formatter.resultIcon(), hashCode=public native int java.lang.Object.hashCode(), renderHeaders=public java.lang.String net.thucydides.core.reports.html.Formatter.renderHeaders(java.lang.String), renderHtmlEscapedDescription=public java.lang.String net.thucydides.core.reports.html.Formatter.renderHtmlEscapedDescription(java.lang.String), class=freemarker.ext.beans.FastPropertyDescriptor@430fdbcc, humanReadableFormOf=public java.lang.String net.thucydides.core.reports.html.Formatter.humanReadableFormOf(java.lang.String), tagLabel=public java.lang.String net.thucydides.core.reports.html.Formatter.tagLabel(net.thucydides.core.model.TestTag), humanReadableTitle=public java.lang.String net.thucydides.core.reports.html.Formatter.humanReadableTitle(java.lang.String), javascriptCompatible=public java.lang.String net.thucydides.core.reports.html.Formatter.javascriptCompatible(java.lang.Object), htmlCompatibleStoryTitle=public java.lang.String net.thucydides.core.reports.html.Formatter.htmlCompatibleStoryTitle(java.lang.Object), messageBody=public java.lang.String net.thucydides.core.reports.html.Formatter.messageBody(java.lang.String), renderDescriptionWithFormattedTables=freemarker.ext.beans.OverloadedMethods@3d51d16d, truncatedHtmlCompatible=public java.lang.String net.thucydides.core.reports.html.Formatter.truncatedHtmlCompatible(java.lang.String,int), htmlAttributeCompatible=freemarker.ext.beans.OverloadedMethods@5211ef17, htmlCompatible=public java.lang.String net.thucydides.core.reports.html.Formatter.htmlCompatible(java.lang.Object), escapedXML=public java.lang.String net.thucydides.core.reports.html.Formatter.escapedXML(java.lang.String), htmlCompatibleTestTitle=public java.lang.String net.thucydides.core.reports.html.Formatter.htmlCompatibleTestTitle(java.lang.Object), equals=public boolean java.lang.Object.equals(java.lang.Object), formatWithFields=public java.lang.String net.thucydides.core.reports.html.Formatter.formatWithFields(java.lang.String), java.lang.Object@669845a1=freemarker.ext.beans.OverloadedMethods@2c9e9bee, toString=public java.lang.String java.lang.Object.toString(), convertAnyTables=public java.lang.String net.thucydides.core.reports.html.Formatter.convertAnyTables(java.lang.String), java.lang.Object@4af0d04f={public java.lang.String java.lang.Object.toString()=[Ljava.lang.Class;@11f2f40a, public java.lang.String net.thucydides.core.reports.html.Formatter.javascriptCompatible(java.lang.Object)=[Ljava.lang.Class;@221b85e0, public java.lang.String net.thucydides.core.reports.html.Formatter.htmlCompatibleStoryTitle(java.lang.Object)=[Ljava.lang.Class;@7f2fafe3, public java.lang.String net.thucydides.core.reports.html.Formatter.messageBody(java.lang.String)=[Ljava.lang.Class;@27b61a03, public java.lang.String net.thucydides.core.reports.html.Formatter.truncatedHtmlCompatible(java.lang.String,int)=[Ljava.lang.Class;@21e2e85b, public boolean java.lang.Object.equals(java.lang.Object)=[Ljava.lang.Class;@5fa85d02, public java.lang.String net.thucydides.core.reports.html.Formatter.htmlCompatible(java.lang.Object)=[Ljava.lang.Class;@5d7ab1a3, public java.lang.String net.thucydides.core.reports.html.Formatter.escapedXML(java.lang.String)=[Ljava.lang.Class;@4a8bce0d, public java.lang.String net.thucydides.core.reports.html.Formatter.htmlCompatibleTestTitle(java.lang.Object)=[Ljava.lang.Class;@7c1d5737, public java.lang.String net.thucydides.core.reports.html.Formatter.formatWithFields(java.lang.String)=[Ljava.lang.Class;@614055fb, public java.lang.String net.thucydides.core.reports.html.Formatter.convertAnyTables(java.lang.String)=[Ljava.lang.Class;@69bf07d9, public java.lang.String net.thucydides.core.reports.html.Formatter.renderTitle(java.lang.String)=[Ljava.lang.Class;@7d505745, public java.lang.String net.thucydides.core.reports.html.Formatter.renderMarkdown(java.lang.String)=[Ljava.lang.Class;@6b621337, public net.thucydides.core.reports.html.ResultRankingFormatter net.thucydides.core.reports.html.Formatter.resultRank()=[Ljava.lang.Class;@8ee6c2d, public static java.lang.String net.thucydides.core.reports.html.Formatter.addMarkdownLineBreaks(java.lang.String)=[Ljava.lang.Class;@19fe3326, public static java.lang.String net.thucydides.core.reports.html.Formatter.addLineBreaks(java.lang.String)=[Ljava.lang.Class;@66eba523, public java.lang.String net.thucydides.core.reports.html.Formatter.htmlCompatibleStepDescription(java.lang.Object)=[Ljava.lang.Class;@1debe962, public java.lang.String net.thucydides.core.reports.html.Formatter.renderDescriptionWithEmbeddedResults(java.lang.String,net.thucydides.core.requirements.reports.RequirementsOutcomes)=[Ljava.lang.Class;@669f61f6, public native int java.lang.Object.hashCode()=[Ljava.lang.Class;@e101900, public java.lang.String net.thucydides.core.reports.html.Formatter.plainHtmlCompatible(java.lang.Object)=[Ljava.lang.Class;@3569675c, public java.lang.String net.thucydides.core.reports.html.Formatter.renderText(java.lang.String)=[Ljava.lang.Class;@778b286a, public java.lang.String net.thucydides.core.reports.html.Formatter.restQuery(java.lang.String)=[Ljava.lang.Class;@6a0677bc, public java.lang.String net.thucydides.core.reports.html.Formatter.renderDescription(java.lang.String)=[Ljava.lang.Class;@6450abe5, public java.lang.String net.thucydides.core.reports.html.Formatter.renderTableDescription(java.lang.String,net.thucydides.core.requirements.reports.RequirementsOutcomes)=[Ljava.lang.Class;@1afd73b4, public net.thucydides.core.reports.html.ResultIconFormatter net.thucydides.core.reports.html.Formatter.resultIcon()=[Ljava.lang.Class;@349bd0f9, public java.lang.String net.thucydides.core.reports.html.Formatter.renderHeaders(java.lang.String)=[Ljava.lang.Class;@6df9fa41, public java.lang.String net.thucydides.core.reports.html.Formatter.renderHtmlEscapedDescription(java.lang.String)=[Ljava.lang.Class;@c176b98, public final native java.lang.Class java.lang.Object.getClass()=[Ljava.lang.Class;@7d06d97d, public java.lang.String net.thucydides.core.reports.html.Formatter.humanReadableFormOf(java.lang.String)=[Ljava.lang.Class;@17f0d23c, public java.lang.String net.thucydides.core.reports.html.Formatter.humanReadableTitle(java.lang.String)=[Ljava.lang.Class;@35f91971, public java.lang.String net.thucydides.core.reports.html.Formatter.tagLabel(net.thucydides.core.model.TestTag)=[Ljava.lang.Class;@205effd}, renderTitle=public java.lang.String net.thucydides.core.reports.html.Formatter.renderTitle(java.lang.String)}
2025-01-19 19:51:28 [pool-2-thread-1] DEBUG:: Key "depthIndicatorForLevel" was not found on instance of net.thucydides.core.reports.html.Formatter. Introspection information for the class is: {renderMarkdown=public java.lang.String net.thucydides.core.reports.html.Formatter.renderMarkdown(java.lang.String), resultRank=public net.thucydides.core.reports.html.ResultRankingFormatter net.thucydides.core.reports.html.Formatter.resultRank(), getClass=public final native java.lang.Class java.lang.Object.getClass(), addMarkdownLineBreaks=public static java.lang.String net.thucydides.core.reports.html.Formatter.addMarkdownLineBreaks(java.lang.String), addLineBreaks=public static java.lang.String net.thucydides.core.reports.html.Formatter.addLineBreaks(java.lang.String), htmlCompatibleStepDescription=public java.lang.String net.thucydides.core.reports.html.Formatter.htmlCompatibleStepDescription(java.lang.Object), renderDescriptionWithEmbeddedResults=public java.lang.String net.thucydides.core.reports.html.Formatter.renderDescriptionWithEmbeddedResults(java.lang.String,net.thucydides.core.requirements.reports.RequirementsOutcomes), renderDescription=public java.lang.String net.thucydides.core.reports.html.Formatter.renderDescription(java.lang.String), plainHtmlCompatible=public java.lang.String net.thucydides.core.reports.html.Formatter.plainHtmlCompatible(java.lang.Object), renderText=public java.lang.String net.thucydides.core.reports.html.Formatter.renderText(java.lang.String), restQuery=public java.lang.String net.thucydides.core.reports.html.Formatter.restQuery(java.lang.String), renderTableDescription=public java.lang.String net.thucydides.core.reports.html.Formatter.renderTableDescription(java.lang.String,net.thucydides.core.requirements.reports.RequirementsOutcomes), resultIcon=public net.thucydides.core.reports.html.ResultIconFormatter net.thucydides.core.reports.html.Formatter.resultIcon(), hashCode=public native int java.lang.Object.hashCode(), renderHeaders=public java.lang.String net.thucydides.core.reports.html.Formatter.renderHeaders(java.lang.String), renderHtmlEscapedDescription=public java.lang.String net.thucydides.core.reports.html.Formatter.renderHtmlEscapedDescription(java.lang.String), class=freemarker.ext.beans.FastPropertyDescriptor@430fdbcc, humanReadableFormOf=public java.lang.String net.thucydides.core.reports.html.Formatter.humanReadableFormOf(java.lang.String), tagLabel=public java.lang.String net.thucydides.core.reports.html.Formatter.tagLabel(net.thucydides.core.model.TestTag), humanReadableTitle=public java.lang.String net.thucydides.core.reports.html.Formatter.humanReadableTitle(java.lang.String), javascriptCompatible=public java.lang.String net.thucydides.core.reports.html.Formatter.javascriptCompatible(java.lang.Object), htmlCompatibleStoryTitle=public java.lang.String net.thucydides.core.reports.html.Formatter.htmlCompatibleStoryTitle(java.lang.Object), messageBody=public java.lang.String net.thucydides.core.reports.html.Formatter.messageBody(java.lang.String), renderDescriptionWithFormattedTables=freemarker.ext.beans.OverloadedMethods@3d51d16d, truncatedHtmlCompatible=public java.lang.String net.thucydides.core.reports.html.Formatter.truncatedHtmlCompatible(java.lang.String,int), htmlAttributeCompatible=freemarker.ext.beans.OverloadedMethods@5211ef17, htmlCompatible=public java.lang.String net.thucydides.core.reports.html.Formatter.htmlCompatible(java.lang.Object), escapedXML=public java.lang.String net.thucydides.core.reports.html.Formatter.escapedXML(java.lang.String), htmlCompatibleTestTitle=public java.lang.String net.thucydides.core.reports.html.Formatter.htmlCompatibleTestTitle(java.lang.Object), equals=public boolean java.lang.Object.equals(java.lang.Object), formatWithFields=public java.lang.String net.thucydides.core.reports.html.Formatter.formatWithFields(java.lang.String), java.lang.Object@669845a1=freemarker.ext.beans.OverloadedMethods@2c9e9bee, toString=public java.lang.String java.lang.Object.toString(), convertAnyTables=public java.lang.String net.thucydides.core.reports.html.Formatter.convertAnyTables(java.lang.String), java.lang.Object@4af0d04f={public java.lang.String java.lang.Object.toString()=[Ljava.lang.Class;@11f2f40a, public java.lang.String net.thucydides.core.reports.html.Formatter.javascriptCompatible(java.lang.Object)=[Ljava.lang.Class;@221b85e0, public java.lang.String net.thucydides.core.reports.html.Formatter.htmlCompatibleStoryTitle(java.lang.Object)=[Ljava.lang.Class;@7f2fafe3, public java.lang.String net.thucydides.core.reports.html.Formatter.messageBody(java.lang.String)=[Ljava.lang.Class;@27b61a03, public java.lang.String net.thucydides.core.reports.html.Formatter.truncatedHtmlCompatible(java.lang.String,int)=[Ljava.lang.Class;@21e2e85b, public boolean java.lang.Object.equals(java.lang.Object)=[Ljava.lang.Class;@5fa85d02, public java.lang.String net.thucydides.core.reports.html.Formatter.htmlCompatible(java.lang.Object)=[Ljava.lang.Class;@5d7ab1a3, public java.lang.String net.thucydides.core.reports.html.Formatter.escapedXML(java.lang.String)=[Ljava.lang.Class;@4a8bce0d, public java.lang.String net.thucydides.core.reports.html.Formatter.htmlCompatibleTestTitle(java.lang.Object)=[Ljava.lang.Class;@7c1d5737, public java.lang.String net.thucydides.core.reports.html.Formatter.formatWithFields(java.lang.String)=[Ljava.lang.Class;@614055fb, public java.lang.String net.thucydides.core.reports.html.Formatter.convertAnyTables(java.lang.String)=[Ljava.lang.Class;@69bf07d9, public java.lang.String net.thucydides.core.reports.html.Formatter.renderTitle(java.lang.String)=[Ljava.lang.Class;@7d505745, public java.lang.String net.thucydides.core.reports.html.Formatter.renderMarkdown(java.lang.String)=[Ljava.lang.Class;@6b621337, public net.thucydides.core.reports.html.ResultRankingFormatter net.thucydides.core.reports.html.Formatter.resultRank()=[Ljava.lang.Class;@8ee6c2d, public static java.lang.String net.thucydides.core.reports.html.Formatter.addMarkdownLineBreaks(java.lang.String)=[Ljava.lang.Class;@19fe3326, public static java.lang.String net.thucydides.core.reports.html.Formatter.addLineBreaks(java.lang.String)=[Ljava.lang.Class;@66eba523, public java.lang.String net.thucydides.core.reports.html.Formatter.htmlCompatibleStepDescription(java.lang.Object)=[Ljava.lang.Class;@1debe962, public java.lang.String net.thucydides.core.reports.html.Formatter.renderDescriptionWithEmbeddedResults(java.lang.String,net.thucydides.core.requirements.reports.RequirementsOutcomes)=[Ljava.lang.Class;@669f61f6, public native int java.lang.Object.hashCode()=[Ljava.lang.Class;@e101900, public java.lang.String net.thucydides.core.reports.html.Formatter.plainHtmlCompatible(java.lang.Object)=[Ljava.lang.Class;@3569675c, public java.lang.String net.thucydides.core.reports.html.Formatter.renderText(java.lang.String)=[Ljava.lang.Class;@778b286a, public java.lang.String net.thucydides.core.reports.html.Formatter.restQuery(java.lang.String)=[Ljava.lang.Class;@6a0677bc, public java.lang.String net.thucydides.core.reports.html.Formatter.renderDescription(java.lang.String)=[Ljava.lang.Class;@6450abe5, public java.lang.String net.thucydides.core.reports.html.Formatter.renderTableDescription(java.lang.String,net.thucydides.core.requirements.reports.RequirementsOutcomes)=[Ljava.lang.Class;@1afd73b4, public net.thucydides.core.reports.html.ResultIconFormatter net.thucydides.core.reports.html.Formatter.resultIcon()=[Ljava.lang.Class;@349bd0f9, public java.lang.String net.thucydides.core.reports.html.Formatter.renderHeaders(java.lang.String)=[Ljava.lang.Class;@6df9fa41, public java.lang.String net.thucydides.core.reports.html.Formatter.renderHtmlEscapedDescription(java.lang.String)=[Ljava.lang.Class;@c176b98, public final native java.lang.Class java.lang.Object.getClass()=[Ljava.lang.Class;@7d06d97d, public java.lang.String net.thucydides.core.reports.html.Formatter.humanReadableFormOf(java.lang.String)=[Ljava.lang.Class;@17f0d23c, public java.lang.String net.thucydides.core.reports.html.Formatter.humanReadableTitle(java.lang.String)=[Ljava.lang.Class;@35f91971, public java.lang.String net.thucydides.core.reports.html.Formatter.tagLabel(net.thucydides.core.model.TestTag)=[Ljava.lang.Class;@205effd}, renderTitle=public java.lang.String net.thucydides.core.reports.html.Formatter.renderTitle(java.lang.String)}
2025-01-19 19:51:28 [pool-2-thread-1] DEBUG:: Key "depthIndicatorForLevel" was not found on instance of net.thucydides.core.reports.html.Formatter. Introspection information for the class is: {renderMarkdown=public java.lang.String net.thucydides.core.reports.html.Formatter.renderMarkdown(java.lang.String), resultRank=public net.thucydides.core.reports.html.ResultRankingFormatter net.thucydides.core.reports.html.Formatter.resultRank(), getClass=public final native java.lang.Class java.lang.Object.getClass(), addMarkdownLineBreaks=public static java.lang.String net.thucydides.core.reports.html.Formatter.addMarkdownLineBreaks(java.lang.String), addLineBreaks=public static java.lang.String net.thucydides.core.reports.html.Formatter.addLineBreaks(java.lang.String), htmlCompatibleStepDescription=public java.lang.String net.thucydides.core.reports.html.Formatter.htmlCompatibleStepDescription(java.lang.Object), renderDescriptionWithEmbeddedResults=public java.lang.String net.thucydides.core.reports.html.Formatter.renderDescriptionWithEmbeddedResults(java.lang.String,net.thucydides.core.requirements.reports.RequirementsOutcomes), renderDescription=public java.lang.String net.thucydides.core.reports.html.Formatter.renderDescription(java.lang.String), plainHtmlCompatible=public java.lang.String net.thucydides.core.reports.html.Formatter.plainHtmlCompatible(java.lang.Object), renderText=public java.lang.String net.thucydides.core.reports.html.Formatter.renderText(java.lang.String), restQuery=public java.lang.String net.thucydides.core.reports.html.Formatter.restQuery(java.lang.String), renderTableDescription=public java.lang.String net.thucydides.core.reports.html.Formatter.renderTableDescription(java.lang.String,net.thucydides.core.requirements.reports.RequirementsOutcomes), resultIcon=public net.thucydides.core.reports.html.ResultIconFormatter net.thucydides.core.reports.html.Formatter.resultIcon(), hashCode=public native int java.lang.Object.hashCode(), renderHeaders=public java.lang.String net.thucydides.core.reports.html.Formatter.renderHeaders(java.lang.String), renderHtmlEscapedDescription=public java.lang.String net.thucydides.core.reports.html.Formatter.renderHtmlEscapedDescription(java.lang.String), class=freemarker.ext.beans.FastPropertyDescriptor@430fdbcc, humanReadableFormOf=public java.lang.String net.thucydides.core.reports.html.Formatter.humanReadableFormOf(java.lang.String), tagLabel=public java.lang.String net.thucydides.core.reports.html.Formatter.tagLabel(net.thucydides.core.model.TestTag), humanReadableTitle=public java.lang.String net.thucydides.core.reports.html.Formatter.humanReadableTitle(java.lang.String), javascriptCompatible=public java.lang.String net.thucydides.core.reports.html.Formatter.javascriptCompatible(java.lang.Object), htmlCompatibleStoryTitle=public java.lang.String net.thucydides.core.reports.html.Formatter.htmlCompatibleStoryTitle(java.lang.Object), messageBody=public java.lang.String net.thucydides.core.reports.html.Formatter.messageBody(java.lang.String), renderDescriptionWithFormattedTables=freemarker.ext.beans.OverloadedMethods@3d51d16d, truncatedHtmlCompatible=public java.lang.String net.thucydides.core.reports.html.Formatter.truncatedHtmlCompatible(java.lang.String,int), htmlAttributeCompatible=freemarker.ext.beans.OverloadedMethods@5211ef17, htmlCompatible=public java.lang.String net.thucydides.core.reports.html.Formatter.htmlCompatible(java.lang.Object), escapedXML=public java.lang.String net.thucydides.core.reports.html.Formatter.escapedXML(java.lang.String), htmlCompatibleTestTitle=public java.lang.String net.thucydides.core.reports.html.Formatter.htmlCompatibleTestTitle(java.lang.Object), equals=public boolean java.lang.Object.equals(java.lang.Object), formatWithFields=public java.lang.String net.thucydides.core.reports.html.Formatter.formatWithFields(java.lang.String), java.lang.Object@669845a1=freemarker.ext.beans.OverloadedMethods@2c9e9bee, toString=public java.lang.String java.lang.Object.toString(), convertAnyTables=public java.lang.String net.thucydides.core.reports.html.Formatter.convertAnyTables(java.lang.String), java.lang.Object@4af0d04f={public java.lang.String java.lang.Object.toString()=[Ljava.lang.Class;@11f2f40a, public java.lang.String net.thucydides.core.reports.html.Formatter.javascriptCompatible(java.lang.Object)=[Ljava.lang.Class;@221b85e0, public java.lang.String net.thucydides.core.reports.html.Formatter.htmlCompatibleStoryTitle(java.lang.Object)=[Ljava.lang.Class;@7f2fafe3, public java.lang.String net.thucydides.core.reports.html.Formatter.messageBody(java.lang.String)=[Ljava.lang.Class;@27b61a03, public java.lang.String net.thucydides.core.reports.html.Formatter.truncatedHtmlCompatible(java.lang.String,int)=[Ljava.lang.Class;@21e2e85b, public boolean java.lang.Object.equals(java.lang.Object)=[Ljava.lang.Class;@5fa85d02, public java.lang.String net.thucydides.core.reports.html.Formatter.htmlCompatible(java.lang.Object)=[Ljava.lang.Class;@5d7ab1a3, public java.lang.String net.thucydides.core.reports.html.Formatter.escapedXML(java.lang.String)=[Ljava.lang.Class;@4a8bce0d, public java.lang.String net.thucydides.core.reports.html.Formatter.htmlCompatibleTestTitle(java.lang.Object)=[Ljava.lang.Class;@7c1d5737, public java.lang.String net.thucydides.core.reports.html.Formatter.formatWithFields(java.lang.String)=[Ljava.lang.Class;@614055fb, public java.lang.String net.thucydides.core.reports.html.Formatter.convertAnyTables(java.lang.String)=[Ljava.lang.Class;@69bf07d9, public java.lang.String net.thucydides.core.reports.html.Formatter.renderTitle(java.lang.String)=[Ljava.lang.Class;@7d505745, public java.lang.String net.thucydides.core.reports.html.Formatter.renderMarkdown(java.lang.String)=[Ljava.lang.Class;@6b621337, public net.thucydides.core.reports.html.ResultRankingFormatter net.thucydides.core.reports.html.Formatter.resultRank()=[Ljava.lang.Class;@8ee6c2d, public static java.lang.String net.thucydides.core.reports.html.Formatter.addMarkdownLineBreaks(java.lang.String)=[Ljava.lang.Class;@19fe3326, public static java.lang.String net.thucydides.core.reports.html.Formatter.addLineBreaks(java.lang.String)=[Ljava.lang.Class;@66eba523, public java.lang.String net.thucydides.core.reports.html.Formatter.htmlCompatibleStepDescription(java.lang.Object)=[Ljava.lang.Class;@1debe962, public java.lang.String net.thucydides.core.reports.html.Formatter.renderDescriptionWithEmbeddedResults(java.lang.String,net.thucydides.core.requirements.reports.RequirementsOutcomes)=[Ljava.lang.Class;@669f61f6, public native int java.lang.Object.hashCode()=[Ljava.lang.Class;@e101900, public java.lang.String net.thucydides.core.reports.html.Formatter.plainHtmlCompatible(java.lang.Object)=[Ljava.lang.Class;@3569675c, public java.lang.String net.thucydides.core.reports.html.Formatter.renderText(java.lang.String)=[Ljava.lang.Class;@778b286a, public java.lang.String net.thucydides.core.reports.html.Formatter.restQuery(java.lang.String)=[Ljava.lang.Class;@6a0677bc, public java.lang.String net.thucydides.core.reports.html.Formatter.renderDescription(java.lang.String)=[Ljava.lang.Class;@6450abe5, public java.lang.String net.thucydides.core.reports.html.Formatter.renderTableDescription(java.lang.String,net.thucydides.core.requirements.reports.RequirementsOutcomes)=[Ljava.lang.Class;@1afd73b4, public net.thucydides.core.reports.html.ResultIconFormatter net.thucydides.core.reports.html.Formatter.resultIcon()=[Ljava.lang.Class;@349bd0f9, public java.lang.String net.thucydides.core.reports.html.Formatter.renderHeaders(java.lang.String)=[Ljava.lang.Class;@6df9fa41, public java.lang.String net.thucydides.core.reports.html.Formatter.renderHtmlEscapedDescription(java.lang.String)=[Ljava.lang.Class;@c176b98, public final native java.lang.Class java.lang.Object.getClass()=[Ljava.lang.Class;@7d06d97d, public java.lang.String net.thucydides.core.reports.html.Formatter.humanReadableFormOf(java.lang.String)=[Ljava.lang.Class;@17f0d23c, public java.lang.String net.thucydides.core.reports.html.Formatter.humanReadableTitle(java.lang.String)=[Ljava.lang.Class;@35f91971, public java.lang.String net.thucydides.core.reports.html.Formatter.tagLabel(net.thucydides.core.model.TestTag)=[Ljava.lang.Class;@205effd}, renderTitle=public java.lang.String net.thucydides.core.reports.html.Formatter.renderTitle(java.lang.String)}
2025-01-19 19:51:28 [pool-2-thread-1] DEBUG:: Key "depthIndicatorForLevel" was not found on instance of net.thucydides.core.reports.html.Formatter. Introspection information for the class is: {renderMarkdown=public java.lang.String net.thucydides.core.reports.html.Formatter.renderMarkdown(java.lang.String), resultRank=public net.thucydides.core.reports.html.ResultRankingFormatter net.thucydides.core.reports.html.Formatter.resultRank(), getClass=public final native java.lang.Class java.lang.Object.getClass(), addMarkdownLineBreaks=public static java.lang.String net.thucydides.core.reports.html.Formatter.addMarkdownLineBreaks(java.lang.String), addLineBreaks=public static java.lang.String net.thucydides.core.reports.html.Formatter.addLineBreaks(java.lang.String), htmlCompatibleStepDescription=public java.lang.String net.thucydides.core.reports.html.Formatter.htmlCompatibleStepDescription(java.lang.Object), renderDescriptionWithEmbeddedResults=public java.lang.String net.thucydides.core.reports.html.Formatter.renderDescriptionWithEmbeddedResults(java.lang.String,net.thucydides.core.requirements.reports.RequirementsOutcomes), renderDescription=public java.lang.String net.thucydides.core.reports.html.Formatter.renderDescription(java.lang.String), plainHtmlCompatible=public java.lang.String net.thucydides.core.reports.html.Formatter.plainHtmlCompatible(java.lang.Object), renderText=public java.lang.String net.thucydides.core.reports.html.Formatter.renderText(java.lang.String), restQuery=public java.lang.String net.thucydides.core.reports.html.Formatter.restQuery(java.lang.String), renderTableDescription=public java.lang.String net.thucydides.core.reports.html.Formatter.renderTableDescription(java.lang.String,net.thucydides.core.requirements.reports.RequirementsOutcomes), resultIcon=public net.thucydides.core.reports.html.ResultIconFormatter net.thucydides.core.reports.html.Formatter.resultIcon(), hashCode=public native int java.lang.Object.hashCode(), renderHeaders=public java.lang.String net.thucydides.core.reports.html.Formatter.renderHeaders(java.lang.String), renderHtmlEscapedDescription=public java.lang.String net.thucydides.core.reports.html.Formatter.renderHtmlEscapedDescription(java.lang.String), class=freemarker.ext.beans.FastPropertyDescriptor@430fdbcc, humanReadableFormOf=public java.lang.String net.thucydides.core.reports.html.Formatter.humanReadableFormOf(java.lang.String), tagLabel=public java.lang.String net.thucydides.core.reports.html.Formatter.tagLabel(net.thucydides.core.model.TestTag), humanReadableTitle=public java.lang.String net.thucydides.core.reports.html.Formatter.humanReadableTitle(java.lang.String), javascriptCompatible=public java.lang.String net.thucydides.core.reports.html.Formatter.javascriptCompatible(java.lang.Object), htmlCompatibleStoryTitle=public java.lang.String net.thucydides.core.reports.html.Formatter.htmlCompatibleStoryTitle(java.lang.Object), messageBody=public java.lang.String net.thucydides.core.reports.html.Formatter.messageBody(java.lang.String), renderDescriptionWithFormattedTables=freemarker.ext.beans.OverloadedMethods@3d51d16d, truncatedHtmlCompatible=public java.lang.String net.thucydides.core.reports.html.Formatter.truncatedHtmlCompatible(java.lang.String,int), htmlAttributeCompatible=freemarker.ext.beans.OverloadedMethods@5211ef17, htmlCompatible=public java.lang.String net.thucydides.core.reports.html.Formatter.htmlCompatible(java.lang.Object), escapedXML=public java.lang.String net.thucydides.core.reports.html.Formatter.escapedXML(java.lang.String), htmlCompatibleTestTitle=public java.lang.String net.thucydides.core.reports.html.Formatter.htmlCompatibleTestTitle(java.lang.Object), equals=public boolean java.lang.Object.equals(java.lang.Object), formatWithFields=public java.lang.String net.thucydides.core.reports.html.Formatter.formatWithFields(java.lang.String), java.lang.Object@669845a1=freemarker.ext.beans.OverloadedMethods@2c9e9bee, toString=public java.lang.String java.lang.Object.toString(), convertAnyTables=public java.lang.String net.thucydides.core.reports.html.Formatter.convertAnyTables(java.lang.String), java.lang.Object@4af0d04f={public java.lang.String java.lang.Object.toString()=[Ljava.lang.Class;@11f2f40a, public java.lang.String net.thucydides.core.reports.html.Formatter.javascriptCompatible(java.lang.Object)=[Ljava.lang.Class;@221b85e0, public java.lang.String net.thucydides.core.reports.html.Formatter.htmlCompatibleStoryTitle(java.lang.Object)=[Ljava.lang.Class;@7f2fafe3, public java.lang.String net.thucydides.core.reports.html.Formatter.messageBody(java.lang.String)=[Ljava.lang.Class;@27b61a03, public java.lang.String net.thucydides.core.reports.html.Formatter.truncatedHtmlCompatible(java.lang.String,int)=[Ljava.lang.Class;@21e2e85b, public boolean java.lang.Object.equals(java.lang.Object)=[Ljava.lang.Class;@5fa85d02, public java.lang.String net.thucydides.core.reports.html.Formatter.htmlCompatible(java.lang.Object)=[Ljava.lang.Class;@5d7ab1a3, public java.lang.String net.thucydides.core.reports.html.Formatter.escapedXML(java.lang.String)=[Ljava.lang.Class;@4a8bce0d, public java.lang.String net.thucydides.core.reports.html.Formatter.htmlCompatibleTestTitle(java.lang.Object)=[Ljava.lang.Class;@7c1d5737, public java.lang.String net.thucydides.core.reports.html.Formatter.formatWithFields(java.lang.String)=[Ljava.lang.Class;@614055fb, public java.lang.String net.thucydides.core.reports.html.Formatter.convertAnyTables(java.lang.String)=[Ljava.lang.Class;@69bf07d9, public java.lang.String net.thucydides.core.reports.html.Formatter.renderTitle(java.lang.String)=[Ljava.lang.Class;@7d505745, public java.lang.String net.thucydides.core.reports.html.Formatter.renderMarkdown(java.lang.String)=[Ljava.lang.Class;@6b621337, public net.thucydides.core.reports.html.ResultRankingFormatter net.thucydides.core.reports.html.Formatter.resultRank()=[Ljava.lang.Class;@8ee6c2d, public static java.lang.String net.thucydides.core.reports.html.Formatter.addMarkdownLineBreaks(java.lang.String)=[Ljava.lang.Class;@19fe3326, public static java.lang.String net.thucydides.core.reports.html.Formatter.addLineBreaks(java.lang.String)=[Ljava.lang.Class;@66eba523, public java.lang.String net.thucydides.core.reports.html.Formatter.htmlCompatibleStepDescription(java.lang.Object)=[Ljava.lang.Class;@1debe962, public java.lang.String net.thucydides.core.reports.html.Formatter.renderDescriptionWithEmbeddedResults(java.lang.String,net.thucydides.core.requirements.reports.RequirementsOutcomes)=[Ljava.lang.Class;@669f61f6, public native int java.lang.Object.hashCode()=[Ljava.lang.Class;@e101900, public java.lang.String net.thucydides.core.reports.html.Formatter.plainHtmlCompatible(java.lang.Object)=[Ljava.lang.Class;@3569675c, public java.lang.String net.thucydides.core.reports.html.Formatter.renderText(java.lang.String)=[Ljava.lang.Class;@778b286a, public java.lang.String net.thucydides.core.reports.html.Formatter.restQuery(java.lang.String)=[Ljava.lang.Class;@6a0677bc, public java.lang.String net.thucydides.core.reports.html.Formatter.renderDescription(java.lang.String)=[Ljava.lang.Class;@6450abe5, public java.lang.String net.thucydides.core.reports.html.Formatter.renderTableDescription(java.lang.String,net.thucydides.core.requirements.reports.RequirementsOutcomes)=[Ljava.lang.Class;@1afd73b4, public net.thucydides.core.reports.html.ResultIconFormatter net.thucydides.core.reports.html.Formatter.resultIcon()=[Ljava.lang.Class;@349bd0f9, public java.lang.String net.thucydides.core.reports.html.Formatter.renderHeaders(java.lang.String)=[Ljava.lang.Class;@6df9fa41, public java.lang.String net.thucydides.core.reports.html.Formatter.renderHtmlEscapedDescription(java.lang.String)=[Ljava.lang.Class;@c176b98, public final native java.lang.Class java.lang.Object.getClass()=[Ljava.lang.Class;@7d06d97d, public java.lang.String net.thucydides.core.reports.html.Formatter.humanReadableFormOf(java.lang.String)=[Ljava.lang.Class;@17f0d23c, public java.lang.String net.thucydides.core.reports.html.Formatter.humanReadableTitle(java.lang.String)=[Ljava.lang.Class;@35f91971, public java.lang.String net.thucydides.core.reports.html.Formatter.tagLabel(net.thucydides.core.model.TestTag)=[Ljava.lang.Class;@205effd}, renderTitle=public java.lang.String net.thucydides.core.reports.html.Formatter.renderTitle(java.lang.String)}
2025-01-19 19:51:28 [pool-2-thread-1] DEBUG:: Key "depthIndicatorForLevel" was not found on instance of net.thucydides.core.reports.html.Formatter. Introspection information for the class is: {renderMarkdown=public java.lang.String net.thucydides.core.reports.html.Formatter.renderMarkdown(java.lang.String), resultRank=public net.thucydides.core.reports.html.ResultRankingFormatter net.thucydides.core.reports.html.Formatter.resultRank(), getClass=public final native java.lang.Class java.lang.Object.getClass(), addMarkdownLineBreaks=public static java.lang.String net.thucydides.core.reports.html.Formatter.addMarkdownLineBreaks(java.lang.String), addLineBreaks=public static java.lang.String net.thucydides.core.reports.html.Formatter.addLineBreaks(java.lang.String), htmlCompatibleStepDescription=public java.lang.String net.thucydides.core.reports.html.Formatter.htmlCompatibleStepDescription(java.lang.Object), renderDescriptionWithEmbeddedResults=public java.lang.String net.thucydides.core.reports.html.Formatter.renderDescriptionWithEmbeddedResults(java.lang.String,net.thucydides.core.requirements.reports.RequirementsOutcomes), renderDescription=public java.lang.String net.thucydides.core.reports.html.Formatter.renderDescription(java.lang.String), plainHtmlCompatible=public java.lang.String net.thucydides.core.reports.html.Formatter.plainHtmlCompatible(java.lang.Object), renderText=public java.lang.String net.thucydides.core.reports.html.Formatter.renderText(java.lang.String), restQuery=public java.lang.String net.thucydides.core.reports.html.Formatter.restQuery(java.lang.String), renderTableDescription=public java.lang.String net.thucydides.core.reports.html.Formatter.renderTableDescription(java.lang.String,net.thucydides.core.requirements.reports.RequirementsOutcomes), resultIcon=public net.thucydides.core.reports.html.ResultIconFormatter net.thucydides.core.reports.html.Formatter.resultIcon(), hashCode=public native int java.lang.Object.hashCode(), renderHeaders=public java.lang.String net.thucydides.core.reports.html.Formatter.renderHeaders(java.lang.String), renderHtmlEscapedDescription=public java.lang.String net.thucydides.core.reports.html.Formatter.renderHtmlEscapedDescription(java.lang.String), class=freemarker.ext.beans.FastPropertyDescriptor@430fdbcc, humanReadableFormOf=public java.lang.String net.thucydides.core.reports.html.Formatter.humanReadableFormOf(java.lang.String), tagLabel=public java.lang.String net.thucydides.core.reports.html.Formatter.tagLabel(net.thucydides.core.model.TestTag), humanReadableTitle=public java.lang.String net.thucydides.core.reports.html.Formatter.humanReadableTitle(java.lang.String), javascriptCompatible=public java.lang.String net.thucydides.core.reports.html.Formatter.javascriptCompatible(java.lang.Object), htmlCompatibleStoryTitle=public java.lang.String net.thucydides.core.reports.html.Formatter.htmlCompatibleStoryTitle(java.lang.Object), messageBody=public java.lang.String net.thucydides.core.reports.html.Formatter.messageBody(java.lang.String), renderDescriptionWithFormattedTables=freemarker.ext.beans.OverloadedMethods@3d51d16d, truncatedHtmlCompatible=public java.lang.String net.thucydides.core.reports.html.Formatter.truncatedHtmlCompatible(java.lang.String,int), htmlAttributeCompatible=freemar
[...]
s.html.Formatter.htmlCompatibleStepDescription(java.lang.Object)=[Ljava.lang.Class;@1debe962, public java.lang.String net.thucydides.core.reports.html.Formatter.renderDescriptionWithEmbeddedResults(java.lang.String,net.thucydides.core.requirements.reports.RequirementsOutcomes)=[Ljava.lang.Class;@669f61f6, public native int java.lang.Object.hashCode()=[Ljava.lang.Class;@e101900, public java.lang.String net.thucydides.core.reports.html.Formatter.plainHtmlCompatible(java.lang.Object)=[Ljava.lang.Class;@3569675c, public java.lang.String net.thucydides.core.reports.html.Formatter.renderText(java.lang.String)=[Ljava.lang.Class;@778b286a, public java.lang.String net.thucydides.core.reports.html.Formatter.restQuery(java.lang.String)=[Ljava.lang.Class;@6a0677bc, public java.lang.String net.thucydides.core.reports.html.Formatter.renderDescription(java.lang.String)=[Ljava.lang.Class;@6450abe5, public java.lang.String net.thucydides.core.reports.html.Formatter.renderTableDescription(java.lang.String,net.thucydides.core.requirements.reports.RequirementsOutcomes)=[Ljava.lang.Class;@1afd73b4, public net.thucydides.core.reports.html.ResultIconFormatter net.thucydides.core.reports.html.Formatter.resultIcon()=[Ljava.lang.Class;@349bd0f9, public java.lang.String net.thucydides.core.reports.html.Formatter.renderHeaders(java.lang.String)=[Ljava.lang.Class;@6df9fa41, public java.lang.String net.thucydides.core.reports.html.Formatter.renderHtmlEscapedDescription(java.lang.String)=[Ljava.lang.Class;@c176b98, public final native java.lang.Class java.lang.Object.getClass()=[Ljava.lang.Class;@7d06d97d, public java.lang.String net.thucydides.core.reports.html.Formatter.humanReadableFormOf(java.lang.String)=[Ljava.lang.Class;@17f0d23c, public java.lang.String net.thucydides.core.reports.html.Formatter.humanReadableTitle(java.lang.String)=[Ljava.lang.Class;@35f91971, public java.lang.String net.thucydides.core.reports.html.Formatter.tagLabel(net.thucydides.core.model.TestTag)=[Ljava.lang.Class;@205effd}, renderTitle=public java.lang.String net.thucydides.core.reports.html.Formatter.renderTitle(java.lang.String)}
2025-01-19 19:51:28 [pool-2-thread-1] DEBUG:: Key "depthIndicatorForLevel" was not found on instance of net.thucydides.core.reports.html.Formatter. Introspection information for the class is: {renderMarkdown=public java.lang.String net.thucydides.core.reports.html.Formatter.renderMarkdown(java.lang.String), resultRank=public net.thucydides.core.reports.html.ResultRankingFormatter net.thucydides.core.reports.html.Formatter.resultRank(), getClass=public final native java.lang.Class java.lang.Object.getClass(), addMarkdownLineBreaks=public static java.lang.String net.thucydides.core.reports.html.Formatter.addMarkdownLineBreaks(java.lang.String), addLineBreaks=public static java.lang.String net.thucydides.core.reports.html.Formatter.addLineBreaks(java.lang.String), htmlCompatibleStepDescription=public java.lang.String net.thucydides.core.reports.html.Formatter.htmlCompatibleStepDescription(java.lang.Object), renderDescriptionWithEmbeddedResults=public java.lang.String net.thucydides.core.reports.html.Formatter.renderDescriptionWithEmbeddedResults(java.lang.String,net.thucydides.core.requirements.reports.RequirementsOutcomes), renderDescription=public java.lang.String net.thucydides.core.reports.html.Formatter.renderDescription(java.lang.String), plainHtmlCompatible=public java.lang.String net.thucydides.core.reports.html.Formatter.plainHtmlCompatible(java.lang.Object), renderText=public java.lang.String net.thucydides.core.reports.html.Formatter.renderText(java.lang.String), restQuery=public java.lang.String net.thucydides.core.reports.html.Formatter.restQuery(java.lang.String), renderTableDescription=public java.lang.String net.thucydides.core.reports.html.Formatter.renderTableDescription(java.lang.String,net.thucydides.core.requirements.reports.RequirementsOutcomes), resultIcon=public net.thucydides.core.reports.html.ResultIconFormatter net.thucydides.core.reports.html.Formatter.resultIcon(), hashCode=public native int java.lang.Object.hashCode(), renderHeaders=public java.lang.String net.thucydides.core.reports.html.Formatter.renderHeaders(java.lang.String), renderHtmlEscapedDescription=public java.lang.String net.thucydides.core.reports.html.Formatter.renderHtmlEscapedDescription(java.lang.String), class=freemarker.ext.beans.FastPropertyDescriptor@430fdbcc, humanReadableFormOf=public java.lang.String net.thucydides.core.reports.html.Formatter.humanReadableFormOf(java.lang.String), tagLabel=public java.lang.String net.thucydides.core.reports.html.Formatter.tagLabel(net.thucydides.core.model.TestTag), humanReadableTitle=public java.lang.String net.thucydides.core.reports.html.Formatter.humanReadableTitle(java.lang.String), javascriptCompatible=public java.lang.String net.thucydides.core.reports.html.Formatter.javascriptCompatible(java.lang.Object), htmlCompatibleStoryTitle=public java.lang.String net.thucydides.core.reports.html.Formatter.htmlCompatibleStoryTitle(java.lang.Object), messageBody=public java.lang.String net.thucydides.core.reports.html.Formatter.messageBody(java.lang.String), renderDescriptionWithFormattedTables=freemarker.ext.beans.OverloadedMethods@3d51d16d, truncatedHtmlCompatible=public java.lang.String net.thucydides.core.reports.html.Formatter.truncatedHtmlCompatible(java.lang.String,int), htmlAttributeCompatible=freemarker.ext.beans.OverloadedMethods@5211ef17, htmlCompatible=public java.lang.String net.thucydides.core.reports.html.Formatter.htmlCompatible(java.lang.Object), escapedXML=public java.lang.String net.thucydides.core.reports.html.Formatter.escapedXML(java.lang.String), htmlCompatibleTestTitle=public java.lang.String net.thucydides.core.reports.html.Formatter.htmlCompatibleTestTitle(java.lang.Object), equals=public boolean java.lang.Object.equals(java.lang.Object), formatWithFields=public java.lang.String net.thucydides.core.reports.html.Formatter.formatWithFields(java.lang.String), java.lang.Object@669845a1=freemarker.ext.beans.OverloadedMethods@2c9e9bee, toString=public java.lang.String java.lang.Object.toString(), convertAnyTables=public java.lang.String net.thucydides.core.reports.html.Formatter.convertAnyTables(java.lang.String), java.lang.Object@4af0d04f={public java.lang.String java.lang.Object.toString()=[Ljava.lang.Class;@11f2f40a, public java.lang.String net.thucydides.core.reports.html.Formatter.javascriptCompatible(java.lang.Object)=[Ljava.lang.Class;@221b85e0, public java.lang.String net.thucydides.core.reports.html.Formatter.htmlCompatibleStoryTitle(java.lang.Object)=[Ljava.lang.Class;@7f2fafe3, public java.lang.String net.thucydides.core.reports.html.Formatter.messageBody(java.lang.String)=[Ljava.lang.Class;@27b61a03, public java.lang.String net.thucydides.core.reports.html.Formatter.truncatedHtmlCompatible(java.lang.String,int)=[Ljava.lang.Class;@21e2e85b, public boolean java.lang.Object.equals(java.lang.Object)=[Ljava.lang.Class;@5fa85d02, public java.lang.String net.thucydides.core.reports.html.Formatter.htmlCompatible(java.lang.Object)=[Ljava.lang.Class;@5d7ab1a3, public java.lang.String net.thucydides.core.reports.html.Formatter.escapedXML(java.lang.String)=[Ljava.lang.Class;@4a8bce0d, public java.lang.String net.thucydides.core.reports.html.Formatter.htmlCompatibleTestTitle(java.lang.Object)=[Ljava.lang.Class;@7c1d5737, public java.lang.String net.thucydides.core.reports.html.Formatter.formatWithFields(java.lang.String)=[Ljava.lang.Class;@614055fb, public java.lang.String net.thucydides.core.reports.html.Formatter.convertAnyTables(java.lang.String)=[Ljava.lang.Class;@69bf07d9, public java.lang.String net.thucydides.core.reports.html.Formatter.renderTitle(java.lang.String)=[Ljava.lang.Class;@7d505745, public java.lang.String net.thucydides.core.reports.html.Formatter.renderMarkdown(java.lang.String)=[Ljava.lang.Class;@6b621337, public net.thucydides.core.reports.html.ResultRankingFormatter net.thucydides.core.reports.html.Formatter.resultRank()=[Ljava.lang.Class;@8ee6c2d, public static java.lang.String net.thucydides.core.reports.html.Formatter.addMarkdownLineBreaks(java.lang.String)=[Ljava.lang.Class;@19fe3326, public static java.lang.String net.thucydides.core.reports.html.Formatter.addLineBreaks(java.lang.String)=[Ljava.lang.Class;@66eba523, public java.lang.String net.thucydides.core.reports.html.Formatter.htmlCompatibleStepDescription(java.lang.Object)=[Ljava.lang.Class;@1debe962, public java.lang.String net.thucydides.core.reports.html.Formatter.renderDescriptionWithEmbeddedResults(java.lang.String,net.thucydides.core.requirements.reports.RequirementsOutcomes)=[Ljava.lang.Class;@669f61f6, public native int java.lang.Object.hashCode()=[Ljava.lang.Class;@e101900, public java.lang.String net.thucydides.core.reports.html.Formatter.plainHtmlCompatible(java.lang.Object)=[Ljava.lang.Class;@3569675c, public java.lang.String net.thucydides.core.reports.html.Formatter.renderText(java.lang.String)=[Ljava.lang.Class;@778b286a, public java.lang.String net.thucydides.core.reports.html.Formatter.restQuery(java.lang.String)=[Ljava.lang.Class;@6a0677bc, public java.lang.String net.thucydides.core.reports.html.Formatter.renderDescription(java.lang.String)=[Ljava.lang.Class;@6450abe5, public java.lang.String net.thucydides.core.reports.html.Formatter.renderTableDescription(java.lang.String,net.thucydides.core.requirements.reports.RequirementsOutcomes)=[Ljava.lang.Class;@1afd73b4, public net.thucydides.core.reports.html.ResultIconFormatter net.thucydides.core.reports.html.Formatter.resultIcon()=[Ljava.lang.Class;@349bd0f9, public java.lang.String net.thucydides.core.reports.html.Formatter.renderHeaders(java.lang.String)=[Ljava.lang.Class;@6df9fa41, public java.lang.String net.thucydides.core.reports.html.Formatter.renderHtmlEscapedDescription(java.lang.String)=[Ljava.lang.Class;@c176b98, public final native java.lang.Class java.lang.Object.getClass()=[Ljava.lang.Class;@7d06d97d, public java.lang.String net.thucydides.core.reports.html.Formatter.humanReadableFormOf(java.lang.String)=[Ljava.lang.Class;@17f0d23c, public java.lang.String net.thucydides.core.reports.html.Formatter.humanReadableTitle(java.lang.String)=[Ljava.lang.Class;@35f91971, public java.lang.String net.thucydides.core.reports.html.Formatter.tagLabel(net.thucydides.core.model.TestTag)=[Ljava.lang.Class;@205effd}, renderTitle=public java.lang.String net.thucydides.core.reports.html.Formatter.renderTitle(java.lang.String)}
2025-01-19 19:51:28 [pool-2-thread-1] DEBUG:: Couldn't find template in cache for "freemarker/default.ftl"("en_GB", windows-1252, parsed); will try to load it.
2025-01-19 19:51:28 [pool-2-thread-1] DEBUG:: TemplateLoader.findTemplateSource("freemarker/default_en_GB.ftl"): Not found
2025-01-19 19:51:28 [pool-2-thread-1] DEBUG:: TemplateLoader.findTemplateSource("freemarker/default_en.ftl"): Not found
2025-01-19 19:51:28 [pool-2-thread-1] DEBUG:: TemplateLoader.findTemplateSource("freemarker/default.ftl"): Found
2025-01-19 19:51:28 [pool-2-thread-1] DEBUG:: Loading template for "freemarker/default.ftl"("en_GB", windows-1252, parsed) from "jar:file:/C:/Users/USUARIO/.m2/repository/net/serenity-bdd/serenity-report-resources/3.3.4/serenity-report-resources-3.3.4.jar!/freemarker/default.ftl"
2025-01-19 19:51:28 [pool-2-thread-1] DEBUG:: "freemarker/libraries/favicon.ftl"("en_GB", windows-1252, parsed) cached copy not yet stale; using cached.
2025-01-19 19:51:28 [pool-2-thread-1] DEBUG:: "freemarker/libraries/common.ftl"("en_GB", windows-1252, parsed) cached copy not yet stale; using cached.
2025-01-19 19:51:28 [pool-2-thread-1] DEBUG:: "freemarker/libraries/bootstrap-icons.ftl"("en_GB", windows-1252, parsed) cached copy not yet stale; using cached.
2025-01-19 19:51:28 [pool-2-thread-1] DEBUG:: "freemarker/libraries/jquery.ftl"("en_GB", windows-1252, parsed) cached copy not yet stale; using cached.
2025-01-19 19:51:28 [pool-2-thread-1] DEBUG:: "freemarker/libraries/treeview.ftl"("en_GB", windows-1252, parsed) cached copy not yet stale; using cached.
2025-01-19 19:51:28 [pool-2-thread-1] DEBUG:: "freemarker/libraries/datatables.ftl"("en_GB", windows-1252, parsed) cached copy not yet stale; using cached.
2025-01-19 19:51:28 [pool-2-thread-1] DEBUG:: "freemarker/libraries/css.ftl"("en_GB", windows-1252, parsed) cached copy not yet stale; using cached.
2025-01-19 19:51:28 [pool-2-thread-1] DEBUG:: Couldn't find template in cache for "freemarker/libraries/jquery-ui.ftl"("en_GB", windows-1252, parsed); will try to load it.
2025-01-19 19:51:28 [pool-2-thread-1] DEBUG:: TemplateLoader.findTemplateSource("freemarker/libraries/jquery-ui_en_GB.ftl"): Not found
2025-01-19 19:51:28 [pool-2-thread-1] DEBUG:: TemplateLoader.findTemplateSource("freemarker/libraries/jquery-ui_en.ftl"): Not found
2025-01-19 19:51:28 [pool-2-thread-1] DEBUG:: TemplateLoader.findTemplateSource("freemarker/libraries/jquery-ui.ftl"): Found
2025-01-19 19:51:28 [pool-2-thread-1] DEBUG:: Loading template for "freemarker/libraries/jquery-ui.ftl"("en_GB", windows-1252, parsed) from "jar:file:/C:/Users/USUARIO/.m2/repository/net/serenity-bdd/serenity-report-resources/3.3.4/serenity-report-resources-3.3.4.jar!/freemarker/libraries/jquery-ui.ftl"
2025-01-19 19:51:28 [pool-2-thread-1] DEBUG:: "freemarker/libraries/datatables.ftl"("en_GB", windows-1252, parsed) cached copy not yet stale; using cached.
2025-01-19 19:51:28 [pool-2-thread-1] DEBUG:: Couldn't find template in cache for "freemarker/libraries/imgpreview.ftl"("en_GB", windows-1252, parsed); will try to load it.
2025-01-19 19:51:28 [pool-2-thread-1] DEBUG:: TemplateLoader.findTemplateSource("freemarker/libraries/imgpreview_en_GB.ftl"): Not found
2025-01-19 19:51:28 [pool-2-thread-1] DEBUG:: TemplateLoader.findTemplateSource("freemarker/libraries/imgpreview_en.ftl"): Not found
2025-01-19 19:51:28 [pool-2-thread-1] DEBUG:: TemplateLoader.findTemplateSource("freemarker/libraries/imgpreview.ftl"): Found
2025-01-19 19:51:28 [pool-2-thread-1] DEBUG:: Loading template for "freemarker/libraries/imgpreview.ftl"("en_GB", windows-1252, parsed) from "jar:file:/C:/Users/USUARIO/.m2/repository/net/serenity-bdd/serenity-report-resources/3.3.4/serenity-report-resources-3.3.4.jar!/freemarker/libraries/imgpreview.ftl"
2025-01-19 19:51:28 [pool-2-thread-1] DEBUG:: Couldn't find template in cache for "freemarker/components/report-data.ftl"("en_GB", windows-1252, parsed); will try to load it.
2025-01-19 19:51:28 [pool-2-thread-1] DEBUG:: TemplateLoader.findTemplateSource("freemarker/components/report-data_en_GB.ftl"): Not found
2025-01-19 19:51:28 [pool-2-thread-1] DEBUG:: TemplateLoader.findTemplateSource("freemarker/components/report-data_en.ftl"): Not found
2025-01-19 19:51:28 [pool-2-thread-1] DEBUG:: TemplateLoader.findTemplateSource("freemarker/components/report-data.ftl"): Found
2025-01-19 19:51:28 [pool-2-thread-1] DEBUG:: Loading template for "freemarker/components/report-data.ftl"("en_GB", windows-1252, parsed) from "jar:file:/C:/Users/USUARIO/.m2/repository/net/serenity-bdd/serenity-report-resources/3.3.4/serenity-report-resources-3.3.4.jar!/freemarker/components/report-data.ftl"
2025-01-19 19:51:28 [pool-2-thread-1] DEBUG:: "freemarker/components/stacktrace.ftl"("en_GB", windows-1252, parsed) cached copy not yet stale; using cached.
2025-01-19 19:51:28 [pool-2-thread-1] DEBUG:: "freemarker/menu.ftl"("en_GB", windows-1252, parsed) cached copy not yet stale; using cached.
]]></system-out>
  <system-err><![CDATA[SLF4J: Class path contains multiple SLF4J providers.
SLF4J: Found provider [org.slf4j.simple.SimpleServiceProvider@72f926e6]
SLF4J: Found provider [org.slf4j.reload4j.Reload4jServiceProvider@3daa422a]
SLF4J: See https://www.slf4j.org/codes.html#multiple_bindings for an explanation.
SLF4J: Actual provider is of type [org.slf4j.simple.SimpleServiceProvider@72f926e6]
[Test worker] INFO io.cucumber.core.plugin.SerenityReporter - Running feature from file:///D:/a%20b%20c/siigo/prueba_tecnica/co.com.retosiigo.certificacion/src/test/resources/features/crear_clientes.feature
[Test worker] INFO  - ?[96m

-------------------------------------------------------------------------------------
     _______. _______ .______       _______ .__   __.  __  .___________.____    ____ 
    /       ||   ____||   _  \     |   ____||  \ |  | |  | |           |\   \  /   / 
   |   (----`|  |__   |  |_)  |    |  |__   |   \|  | |  | `---|  |----` \   \/   /  
    \   \    |   __|  |      /     |   __|  |  . `  | |  |     |  |       \_    _/   
.----)   |   |  |____ |  |\  \----.|  |____ |  |\   | |  |     |  |         |  |     
|_______/    |_______|| _| `._____||_______||__| \__| |__|     |__|         |__|    
                                                                                     
 News and tutorials at http://www.serenity-bdd.info                                  
 Documentation at https://wakaleo.gitbooks.io/the-serenity-book/content/             
 Join the Serenity Community on Gitter: https://gitter.im/serenity-bdd/serenity-core 
 Serenity BDD Support and Training at http://serenity-bdd.info/#/trainingandsupport  
-------------------------------------------------------------------------------------
?[0m
[Test worker] INFO  - Test Suite Started: Creacion de clientes en el aplicativo siigo
[Test worker] INFO io.cucumber.core.plugin.SerenityReporter - Running feature from file:///D:/a%20b%20c/siigo/prueba_tecnica/co.com.retosiigo.certificacion/src/test/resources/features/crear_clientes.feature
[Test worker] INFO  - Test Suite Started: Creacion de clientes en el aplicativo siigo
[pool-2-thread-1] INFO serenity.reporting - 
------------------------------------------
| TEST NAME:   ?[1mCreacion de cliente exitoso?[0m
| RESULT:      ?[92mPassing?[0m
| REQUIREMENT: Creacion de clientes en el aplicativo siigo
| REPORT:      ?[96mfile:///D:/a%20b%20c/siigo/prueba_tecnica/co.com.retosiigo.certificacion/target/site/serenity/creacion_de_clientes_en_el_aplicativo_siigo_creacion_de_cliente_exitoso.html?[0m
------------------------------------------
?[32m?[1m??????????????????????????????????????????????????????????????????????????????????????[0m
?[32m?[1m??[0m Share your Cucumber Report with your team at ?[36m?[1m?[4mhttps://reports.cucumber.io?[0m          ?[32m?[1m??[0m
?[32m?[1m??[0m Activate publishing with one of the following:                                    ?[32m?[1m??[0m
?[32m?[1m??[0m                                                                                   ?[32m?[1m??[0m
?[32m?[1m??[0m src/test/resources/cucumber.properties:          ?[36mcucumber.publish.enabled?[0m=?[36mtrue?[0m    ?[32m?[1m??[0m
?[32m?[1m??[0m src/test/resources/junit-platform.properties:    ?[36mcucumber.publish.enabled?[0m=?[36mtrue?[0m    ?[32m?[1m??[0m
?[32m?[1m??[0m Environment variable:                            ?[36mCUCUMBER_PUBLISH_ENABLED?[0m=?[36mtrue?[0m    ?[32m?[1m??[0m
?[32m?[1m??[0m JUnit:                                           ?[36m@CucumberOptions?[0m(publish = ?[36mtrue?[0m) ?[32m?[1m??[0m
?[32m?[1m??[0m                                                                                   ?[32m?[1m??[0m
?[32m?[1m??[0m More information at ?[36mhttps://cucumber.io/docs/cucumber/environment-variables/?[0m      ?[32m?[1m??[0m
?[32m?[1m??[0m                                                                                   ?[32m?[1m??[0m
?[32m?[1m??[0m Disable this message with one of the following:                                   ?[32m?[1m??[0m
?[32m?[1m??[0m                                                                                   ?[32m?[1m??[0m
?[32m?[1m??[0m src/test/resources/cucumber.properties:          ?[36mcucumber.publish.quiet?[0m=?[36mtrue?[0m      ?[32m?[1m??[0m
?[32m?[1m??[0m src/test/resources/junit-platform.properties:    ?[36mcucumber.publish.quiet?[0m=?[36mtrue?[0m      ?[32m?[1m??[0m
?[32m?[1m??????????????????????????????????????????????????????????????????????????????????????[0m
]]></system-err>
</testsuite>
